04-Dec-2023 01:37:57.446 INFO [main] org.apache.catalina.startup.VersionLoggerListener.log 서버 버전 이름:    Apache Tomcat/10.1.16
04-Dec-2023 01:37:57.446 INFO [main] org.apache.catalina.startup.VersionLoggerListener.log Server 빌드 시각:  Nov 10 2023 16:17:33 UTC
04-Dec-2023 01:37:57.446 INFO [main] org.apache.catalina.startup.VersionLoggerListener.log Server 버전 번호:  10.1.16.0
04-Dec-2023 01:37:57.446 INFO [main] org.apache.catalina.startup.VersionLoggerListener.log 운영체제 이름:     Windows 10
04-Dec-2023 01:37:57.446 INFO [main] org.apache.catalina.startup.VersionLoggerListener.log 운영체제 버전:     10.0
04-Dec-2023 01:37:57.446 INFO [main] org.apache.catalina.startup.VersionLoggerListener.log 아키텍처:          amd64
04-Dec-2023 01:37:57.446 INFO [main] org.apache.catalina.startup.VersionLoggerListener.log 자바 홈:           C:\Program Files\Java\jdk-21
04-Dec-2023 01:37:57.446 INFO [main] org.apache.catalina.startup.VersionLoggerListener.log JVM 버전:          21.0.1+12-LTS-29
04-Dec-2023 01:37:57.446 INFO [main] org.apache.catalina.startup.VersionLoggerListener.log JVM 벤더:          Oracle Corporation
04-Dec-2023 01:37:57.446 INFO [main] org.apache.catalina.startup.VersionLoggerListener.log CATALINA_BASE:     D:\JSP\apache-tomcat-10.1.16
04-Dec-2023 01:37:57.446 INFO [main] org.apache.catalina.startup.VersionLoggerListener.log CATALINA_HOME:     D:\JSP\apache-tomcat-10.1.16
04-Dec-2023 01:37:57.463 INFO [main] org.apache.catalina.startup.VersionLoggerListener.log 명령 행 아규먼트:  -Dcatalina.home=D:\JSP\apache-tomcat-10.1.16
04-Dec-2023 01:37:57.463 INFO [main] org.apache.catalina.startup.VersionLoggerListener.log 명령 행 아규먼트:  -Dcatalina.base=D:\JSP\apache-tomcat-10.1.16
04-Dec-2023 01:37:57.463 INFO [main] org.apache.catalina.startup.VersionLoggerListener.log 명령 행 아규먼트:  -Djava.io.tmpdir=D:\JSP\apache-tomcat-10.1.16\temp
04-Dec-2023 01:37:57.463 INFO [main] org.apache.catalina.startup.VersionLoggerListener.log 명령 행 아규먼트:  -Djava.util.logging.manager=org.apache.juli.ClassLoaderLogManager
04-Dec-2023 01:37:57.463 INFO [main] org.apache.catalina.startup.VersionLoggerListener.log 명령 행 아규먼트:  -Djava.util.logging.config.file=D:\JSP\apache-tomcat-10.1.16\conf\logging.properties
04-Dec-2023 01:37:57.463 INFO [main] org.apache.catalina.startup.VersionLoggerListener.log 명령 행 아규먼트:  --add-opens=java.base/java.lang=ALL-UNNAMED
04-Dec-2023 01:37:57.463 INFO [main] org.apache.catalina.startup.VersionLoggerListener.log 명령 행 아규먼트:  --add-opens=java.base/java.io=ALL-UNNAMED
04-Dec-2023 01:37:57.463 INFO [main] org.apache.catalina.startup.VersionLoggerListener.log 명령 행 아규먼트:  --add-opens=java.base/java.util=ALL-UNNAMED
04-Dec-2023 01:37:57.463 INFO [main] org.apache.catalina.startup.VersionLoggerListener.log 명령 행 아규먼트:  --add-opens=java.base/java.util.concurrent=ALL-UNNAMED
04-Dec-2023 01:37:57.463 INFO [main] org.apache.catalina.startup.VersionLoggerListener.log 명령 행 아규먼트:  --add-opens=java.rmi/sun.rmi.transport=ALL-UNNAMED
04-Dec-2023 01:37:57.463 INFO [main] org.apache.catalina.startup.VersionLoggerListener.log 명령 행 아규먼트:  exit
04-Dec-2023 01:37:57.463 INFO [main] org.apache.catalina.startup.VersionLoggerListener.log 명령 행 아규먼트:  abort
04-Dec-2023 01:37:57.463 INFO [main] org.apache.catalina.startup.VersionLoggerListener.log 명령 행 아규먼트:  -Xms128m
04-Dec-2023 01:37:57.463 INFO [main] org.apache.catalina.startup.VersionLoggerListener.log 명령 행 아규먼트:  -Xmx256m
04-Dec-2023 01:37:57.478 INFO [main] org.apache.catalina.core.AprLifecycleListener.lifecycleEvent APR 버전 [1.7.4]을(를) 사용한, APR 기반 Apache Tomcat Native 라이브러리 [2.0.6]을(를) 로드했습니다.
04-Dec-2023 01:37:57.496 INFO [main] org.apache.catalina.core.AprLifecycleListener.initializeSSL OpenSSL이 성공적으로 초기화되었습니다: [OpenSSL 3.0.11 19 Sep 2023]
04-Dec-2023 01:37:57.764 INFO [main] org.apache.coyote.AbstractProtocol.init 프로토콜 핸들러 ["http-nio-8080"]을(를) 초기화합니다.
04-Dec-2023 01:37:57.814 INFO [main] org.apache.catalina.startup.Catalina.load [589] 밀리초 내에 서버가 초기화되었습니다.
04-Dec-2023 01:37:57.862 INFO [main] org.apache.catalina.core.StandardService.startInternal 서비스 [Catalina]을(를) 시작합니다.
04-Dec-2023 01:37:57.862 INFO [main] org.apache.catalina.core.StandardEngine.startInternal 서버 엔진을 시작합니다: [Apache Tomcat/10.1.16]
04-Dec-2023 01:37:57.879 INFO [main] org.apache.catalina.startup.HostConfig.deployDirectory 웹 애플리케이션 디렉토리 [D:\JSP\apache-tomcat-10.1.16\webapps\docs]을(를) 배치합니다.
04-Dec-2023 01:37:58.253 INFO [main] org.apache.catalina.startup.HostConfig.deployDirectory 웹 애플리케이션 디렉토리 [D:\JSP\apache-tomcat-10.1.16\webapps\docs]에 대한 배치가 [358] 밀리초에 완료되었습니다.
04-Dec-2023 01:37:58.253 INFO [main] org.apache.catalina.startup.HostConfig.deployDirectory 웹 애플리케이션 디렉토리 [D:\JSP\apache-tomcat-10.1.16\webapps\examples]을(를) 배치합니다.
04-Dec-2023 01:37:59.316 INFO [main] org.apache.catalina.startup.HostConfig.deployDirectory 웹 애플리케이션 디렉토리 [D:\JSP\apache-tomcat-10.1.16\webapps\examples]에 대한 배치가 [1,063] 밀리초에 완료되었습니다.
04-Dec-2023 01:37:59.316 INFO [main] org.apache.catalina.startup.HostConfig.deployDirectory 웹 애플리케이션 디렉토리 [D:\JSP\apache-tomcat-10.1.16\webapps\host-manager]을(를) 배치합니다.
04-Dec-2023 01:37:59.377 INFO [main] org.apache.catalina.startup.HostConfig.deployDirectory 웹 애플리케이션 디렉토리 [D:\JSP\apache-tomcat-10.1.16\webapps\host-manager]에 대한 배치가 [61] 밀리초에 완료되었습니다.
04-Dec-2023 01:37:59.377 INFO [main] org.apache.catalina.startup.HostConfig.deployDirectory 웹 애플리케이션 디렉토리 [D:\JSP\apache-tomcat-10.1.16\webapps\manager]을(를) 배치합니다.
04-Dec-2023 01:37:59.408 INFO [main] org.apache.catalina.startup.HostConfig.deployDirectory 웹 애플리케이션 디렉토리 [D:\JSP\apache-tomcat-10.1.16\webapps\manager]에 대한 배치가 [31] 밀리초에 완료되었습니다.
04-Dec-2023 01:37:59.408 INFO [main] org.apache.catalina.startup.HostConfig.deployDirectory 웹 애플리케이션 디렉토리 [D:\JSP\apache-tomcat-10.1.16\webapps\ROOT]을(를) 배치합니다.
04-Dec-2023 01:37:59.424 INFO [main] org.apache.catalina.startup.HostConfig.deployDirectory 웹 애플리케이션 디렉토리 [D:\JSP\apache-tomcat-10.1.16\webapps\ROOT]에 대한 배치가 [16] 밀리초에 완료되었습니다.
04-Dec-2023 01:37:59.424 INFO [main] org.apache.coyote.AbstractProtocol.start 프로토콜 핸들러 ["http-nio-8080"]을(를) 시작합니다.
04-Dec-2023 01:37:59.470 INFO [main] org.apache.catalina.startup.Catalina.start 서버가 [1655] 밀리초 내에 시작되었습니다.
04-Dec-2023 02:13:37.161 INFO [Thread-2] org.apache.coyote.AbstractProtocol.pause 프로토콜 핸들러 ["http-nio-8080"]을(를) 일시 정지 중
04-Dec-2023 02:13:37.178 INFO [Thread-2] org.apache.catalina.core.StandardService.stopInternal 서비스 [Catalina]을(를) 중지시킵니다.
04-Dec-2023 02:13:37.195 INFO [Thread-2] org.apache.coyote.AbstractProtocol.stop 프로토콜 핸들러 ["http-nio-8080"]을(를) 중지시킵니다.
04-Dec-2023 02:13:37.215 INFO [Thread-2] org.apache.coyote.AbstractProtocol.destroy 프로토콜 핸들러 ["http-nio-8080"]을(를) 소멸시킵니다.
04-Dec-2023 02:13:46.660 INFO [main] org.apache.catalina.startup.VersionLoggerListener.log 서버 버전 이름:    Apache Tomcat/10.1.16
04-Dec-2023 02:13:46.660 INFO [main] org.apache.catalina.startup.VersionLoggerListener.log Server 빌드 시각:  Nov 10 2023 16:17:33 UTC
04-Dec-2023 02:13:46.660 INFO [main] org.apache.catalina.startup.VersionLoggerListener.log Server 버전 번호:  10.1.16.0
04-Dec-2023 02:13:46.660 INFO [main] org.apache.catalina.startup.VersionLoggerListener.log 운영체제 이름:     Windows 10
04-Dec-2023 02:13:46.660 INFO [main] org.apache.catalina.startup.VersionLoggerListener.log 운영체제 버전:     10.0
04-Dec-2023 02:13:46.660 INFO [main] org.apache.catalina.startup.VersionLoggerListener.log 아키텍처:          amd64
04-Dec-2023 02:13:46.660 INFO [main] org.apache.catalina.startup.VersionLoggerListener.log 자바 홈:           C:\Program Files\Java\jdk-21
04-Dec-2023 02:13:46.660 INFO [main] org.apache.catalina.startup.VersionLoggerListener.log JVM 버전:          21.0.1+12-LTS-29
04-Dec-2023 02:13:46.660 INFO [main] org.apache.catalina.startup.VersionLoggerListener.log JVM 벤더:          Oracle Corporation
04-Dec-2023 02:13:46.660 INFO [main] org.apache.catalina.startup.VersionLoggerListener.log CATALINA_BASE:     D:\JSP\apache-tomcat-10.1.16
04-Dec-2023 02:13:46.660 INFO [main] org.apache.catalina.startup.VersionLoggerListener.log CATALINA_HOME:     D:\JSP\apache-tomcat-10.1.16
04-Dec-2023 02:13:46.660 INFO [main] org.apache.catalina.startup.VersionLoggerListener.log 명령 행 아규먼트:  -Dcatalina.home=D:\JSP\apache-tomcat-10.1.16
04-Dec-2023 02:13:46.660 INFO [main] org.apache.catalina.startup.VersionLoggerListener.log 명령 행 아규먼트:  -Dcatalina.base=D:\JSP\apache-tomcat-10.1.16
04-Dec-2023 02:13:46.660 INFO [main] org.apache.catalina.startup.VersionLoggerListener.log 명령 행 아규먼트:  -Djava.io.tmpdir=D:\JSP\apache-tomcat-10.1.16\temp
04-Dec-2023 02:13:46.660 INFO [main] org.apache.catalina.startup.VersionLoggerListener.log 명령 행 아규먼트:  -Djava.util.logging.manager=org.apache.juli.ClassLoaderLogManager
04-Dec-2023 02:13:46.660 INFO [main] org.apache.catalina.startup.VersionLoggerListener.log 명령 행 아규먼트:  -Djava.util.logging.config.file=D:\JSP\apache-tomcat-10.1.16\conf\logging.properties
04-Dec-2023 02:13:46.660 INFO [main] org.apache.catalina.startup.VersionLoggerListener.log 명령 행 아규먼트:  --add-opens=java.base/java.lang=ALL-UNNAMED
04-Dec-2023 02:13:46.660 INFO [main] org.apache.catalina.startup.VersionLoggerListener.log 명령 행 아규먼트:  --add-opens=java.base/java.io=ALL-UNNAMED
04-Dec-2023 02:13:46.660 INFO [main] org.apache.catalina.startup.VersionLoggerListener.log 명령 행 아규먼트:  --add-opens=java.base/java.util=ALL-UNNAMED
04-Dec-2023 02:13:46.660 INFO [main] org.apache.catalina.startup.VersionLoggerListener.log 명령 행 아규먼트:  --add-opens=java.base/java.util.concurrent=ALL-UNNAMED
04-Dec-2023 02:13:46.660 INFO [main] org.apache.catalina.startup.VersionLoggerListener.log 명령 행 아규먼트:  --add-opens=java.rmi/sun.rmi.transport=ALL-UNNAMED
04-Dec-2023 02:13:46.660 INFO [main] org.apache.catalina.startup.VersionLoggerListener.log 명령 행 아규먼트:  exit
04-Dec-2023 02:13:46.660 INFO [main] org.apache.catalina.startup.VersionLoggerListener.log 명령 행 아규먼트:  abort
04-Dec-2023 02:13:46.660 INFO [main] org.apache.catalina.startup.VersionLoggerListener.log 명령 행 아규먼트:  -Xms128m
04-Dec-2023 02:13:46.660 INFO [main] org.apache.catalina.startup.VersionLoggerListener.log 명령 행 아규먼트:  -Xmx256m
04-Dec-2023 02:13:46.660 INFO [main] org.apache.catalina.core.AprLifecycleListener.lifecycleEvent APR 버전 [1.7.4]을(를) 사용한, APR 기반 Apache Tomcat Native 라이브러리 [2.0.6]을(를) 로드했습니다.
04-Dec-2023 02:13:46.676 INFO [main] org.apache.catalina.core.AprLifecycleListener.initializeSSL OpenSSL이 성공적으로 초기화되었습니다: [OpenSSL 3.0.11 19 Sep 2023]
04-Dec-2023 02:13:46.958 INFO [main] org.apache.coyote.AbstractProtocol.init 프로토콜 핸들러 ["http-nio-8080"]을(를) 초기화합니다.
04-Dec-2023 02:13:46.974 INFO [main] org.apache.catalina.startup.Catalina.load [482] 밀리초 내에 서버가 초기화되었습니다.
04-Dec-2023 02:13:47.029 INFO [main] org.apache.catalina.core.StandardService.startInternal 서비스 [Catalina]을(를) 시작합니다.
04-Dec-2023 02:13:47.029 INFO [main] org.apache.catalina.core.StandardEngine.startInternal 서버 엔진을 시작합니다: [Apache Tomcat/10.1.16]
04-Dec-2023 02:13:47.044 INFO [main] org.apache.catalina.startup.HostConfig.deployDirectory 웹 애플리케이션 디렉토리 [D:\JSP\apache-tomcat-10.1.16\webapps\docs]을(를) 배치합니다.
04-Dec-2023 02:13:47.297 INFO [main] org.apache.catalina.startup.HostConfig.deployDirectory 웹 애플리케이션 디렉토리 [D:\JSP\apache-tomcat-10.1.16\webapps\docs]에 대한 배치가 [253] 밀리초에 완료되었습니다.
04-Dec-2023 02:13:47.297 INFO [main] org.apache.catalina.startup.HostConfig.deployDirectory 웹 애플리케이션 디렉토리 [D:\JSP\apache-tomcat-10.1.16\webapps\examples]을(를) 배치합니다.
04-Dec-2023 02:13:47.642 INFO [main] org.apache.catalina.startup.HostConfig.deployDirectory 웹 애플리케이션 디렉토리 [D:\JSP\apache-tomcat-10.1.16\webapps\examples]에 대한 배치가 [345] 밀리초에 완료되었습니다.
04-Dec-2023 02:13:47.642 INFO [main] org.apache.catalina.startup.HostConfig.deployDirectory 웹 애플리케이션 디렉토리 [D:\JSP\apache-tomcat-10.1.16\webapps\host-manager]을(를) 배치합니다.
04-Dec-2023 02:13:47.658 INFO [main] org.apache.catalina.startup.HostConfig.deployDirectory 웹 애플리케이션 디렉토리 [D:\JSP\apache-tomcat-10.1.16\webapps\host-manager]에 대한 배치가 [16] 밀리초에 완료되었습니다.
04-Dec-2023 02:13:47.658 INFO [main] org.apache.catalina.startup.HostConfig.deployDirectory 웹 애플리케이션 디렉토리 [D:\JSP\apache-tomcat-10.1.16\webapps\manager]을(를) 배치합니다.
04-Dec-2023 02:13:47.689 INFO [main] org.apache.catalina.startup.HostConfig.deployDirectory 웹 애플리케이션 디렉토리 [D:\JSP\apache-tomcat-10.1.16\webapps\manager]에 대한 배치가 [31] 밀리초에 완료되었습니다.
04-Dec-2023 02:13:47.689 INFO [main] org.apache.catalina.startup.HostConfig.deployDirectory 웹 애플리케이션 디렉토리 [D:\JSP\apache-tomcat-10.1.16\webapps\ROOT]을(를) 배치합니다.
04-Dec-2023 02:13:47.704 INFO [main] org.apache.catalina.startup.HostConfig.deployDirectory 웹 애플리케이션 디렉토리 [D:\JSP\apache-tomcat-10.1.16\webapps\ROOT]에 대한 배치가 [15] 밀리초에 완료되었습니다.
04-Dec-2023 02:13:47.704 INFO [main] org.apache.coyote.AbstractProtocol.start 프로토콜 핸들러 ["http-nio-8080"]을(를) 시작합니다.
04-Dec-2023 02:13:47.738 INFO [main] org.apache.catalina.startup.Catalina.start 서버가 [745] 밀리초 내에 시작되었습니다.
04-Dec-2023 09:03:40.321 INFO [Thread-2] org.apache.coyote.AbstractProtocol.pause 프로토콜 핸들러 ["http-nio-8080"]을(를) 일시 정지 중
04-Dec-2023 09:03:40.334 INFO [Thread-2] org.apache.catalina.core.StandardService.stopInternal 서비스 [Catalina]을(를) 중지시킵니다.
04-Dec-2023 09:03:40.364 INFO [Thread-2] org.apache.coyote.AbstractProtocol.stop 프로토콜 핸들러 ["http-nio-8080"]을(를) 중지시킵니다.
04-Dec-2023 09:03:40.376 INFO [Thread-2] org.apache.coyote.AbstractProtocol.destroy 프로토콜 핸들러 ["http-nio-8080"]을(를) 소멸시킵니다.
04-Dec-2023 10:44:50.092 INFO [main] org.apache.catalina.startup.VersionLoggerListener.log 서버 버전 이름:    Apache Tomcat/10.1.16
04-Dec-2023 10:44:50.095 INFO [main] org.apache.catalina.startup.VersionLoggerListener.log Server 빌드 시각:  Nov 10 2023 16:17:33 UTC
04-Dec-2023 10:44:50.095 INFO [main] org.apache.catalina.startup.VersionLoggerListener.log Server 버전 번호:  10.1.16.0
04-Dec-2023 10:44:50.095 INFO [main] org.apache.catalina.startup.VersionLoggerListener.log 운영체제 이름:     Windows 10
04-Dec-2023 10:44:50.095 INFO [main] org.apache.catalina.startup.VersionLoggerListener.log 운영체제 버전:     10.0
04-Dec-2023 10:44:50.095 INFO [main] org.apache.catalina.startup.VersionLoggerListener.log 아키텍처:          amd64
04-Dec-2023 10:44:50.095 INFO [main] org.apache.catalina.startup.VersionLoggerListener.log 자바 홈:           C:\Program Files\Java\jdk-21
04-Dec-2023 10:44:50.095 INFO [main] org.apache.catalina.startup.VersionLoggerListener.log JVM 버전:          21.0.1+12-LTS-29
04-Dec-2023 10:44:50.095 INFO [main] org.apache.catalina.startup.VersionLoggerListener.log JVM 벤더:          Oracle Corporation
04-Dec-2023 10:44:50.095 INFO [main] org.apache.catalina.startup.VersionLoggerListener.log CATALINA_BASE:     D:\JSP\apache-tomcat-10.1.16
04-Dec-2023 10:44:50.096 INFO [main] org.apache.catalina.startup.VersionLoggerListener.log CATALINA_HOME:     D:\JSP\apache-tomcat-10.1.16
04-Dec-2023 10:44:50.106 INFO [main] org.apache.catalina.startup.VersionLoggerListener.log 명령 행 아규먼트:  -Dcatalina.home=D:\JSP\apache-tomcat-10.1.16
04-Dec-2023 10:44:50.106 INFO [main] org.apache.catalina.startup.VersionLoggerListener.log 명령 행 아규먼트:  -Dcatalina.base=D:\JSP\apache-tomcat-10.1.16
04-Dec-2023 10:44:50.106 INFO [main] org.apache.catalina.startup.VersionLoggerListener.log 명령 행 아규먼트:  -Djava.io.tmpdir=D:\JSP\apache-tomcat-10.1.16\temp
04-Dec-2023 10:44:50.107 INFO [main] org.apache.catalina.startup.VersionLoggerListener.log 명령 행 아규먼트:  -Djava.util.logging.manager=org.apache.juli.ClassLoaderLogManager
04-Dec-2023 10:44:50.107 INFO [main] org.apache.catalina.startup.VersionLoggerListener.log 명령 행 아규먼트:  -Djava.util.logging.config.file=D:\JSP\apache-tomcat-10.1.16\conf\logging.properties
04-Dec-2023 10:44:50.107 INFO [main] org.apache.catalina.startup.VersionLoggerListener.log 명령 행 아규먼트:  --add-opens=java.base/java.lang=ALL-UNNAMED
04-Dec-2023 10:44:50.107 INFO [main] org.apache.catalina.startup.VersionLoggerListener.log 명령 행 아규먼트:  --add-opens=java.base/java.io=ALL-UNNAMED
04-Dec-2023 10:44:50.107 INFO [main] org.apache.catalina.startup.VersionLoggerListener.log 명령 행 아규먼트:  --add-opens=java.base/java.util=ALL-UNNAMED
04-Dec-2023 10:44:50.107 INFO [main] org.apache.catalina.startup.VersionLoggerListener.log 명령 행 아규먼트:  --add-opens=java.base/java.util.concurrent=ALL-UNNAMED
04-Dec-2023 10:44:50.107 INFO [main] org.apache.catalina.startup.VersionLoggerListener.log 명령 행 아규먼트:  --add-opens=java.rmi/sun.rmi.transport=ALL-UNNAMED
04-Dec-2023 10:44:50.107 INFO [main] org.apache.catalina.startup.VersionLoggerListener.log 명령 행 아규먼트:  exit
04-Dec-2023 10:44:50.108 INFO [main] org.apache.catalina.startup.VersionLoggerListener.log 명령 행 아규먼트:  abort
04-Dec-2023 10:44:50.108 INFO [main] org.apache.catalina.startup.VersionLoggerListener.log 명령 행 아규먼트:  -Xms128m
04-Dec-2023 10:44:50.108 INFO [main] org.apache.catalina.startup.VersionLoggerListener.log 명령 행 아규먼트:  -Xmx256m
04-Dec-2023 10:44:50.125 INFO [main] org.apache.catalina.core.AprLifecycleListener.lifecycleEvent APR 버전 [1.7.4]을(를) 사용한, APR 기반 Apache Tomcat Native 라이브러리 [2.0.6]을(를) 로드했습니다.
04-Dec-2023 10:44:50.130 INFO [main] org.apache.catalina.core.AprLifecycleListener.initializeSSL OpenSSL이 성공적으로 초기화되었습니다: [OpenSSL 3.0.11 19 Sep 2023]
04-Dec-2023 10:44:50.497 INFO [main] org.apache.coyote.AbstractProtocol.init 프로토콜 핸들러 ["http-nio-8080"]을(를) 초기화합니다.
04-Dec-2023 10:44:50.518 INFO [main] org.apache.catalina.startup.Catalina.load [665] 밀리초 내에 서버가 초기화되었습니다.
04-Dec-2023 10:44:50.602 INFO [main] org.apache.catalina.core.StandardService.startInternal 서비스 [Catalina]을(를) 시작합니다.
04-Dec-2023 10:44:50.603 INFO [main] org.apache.catalina.core.StandardEngine.startInternal 서버 엔진을 시작합니다: [Apache Tomcat/10.1.16]
04-Dec-2023 10:44:50.619 INFO [main] org.apache.catalina.startup.HostConfig.deployDirectory 웹 애플리케이션 디렉토리 [D:\JSP\apache-tomcat-10.1.16\webapps\docs]을(를) 배치합니다.
04-Dec-2023 10:44:51.095 INFO [main] org.apache.catalina.startup.HostConfig.deployDirectory 웹 애플리케이션 디렉토리 [D:\JSP\apache-tomcat-10.1.16\webapps\docs]에 대한 배치가 [472] 밀리초에 완료되었습니다.
04-Dec-2023 10:44:51.095 INFO [main] org.apache.catalina.startup.HostConfig.deployDirectory 웹 애플리케이션 디렉토리 [D:\JSP\apache-tomcat-10.1.16\webapps\examples]을(를) 배치합니다.
04-Dec-2023 10:44:52.617 INFO [main] org.apache.catalina.startup.HostConfig.deployDirectory 웹 애플리케이션 디렉토리 [D:\JSP\apache-tomcat-10.1.16\webapps\examples]에 대한 배치가 [1,522] 밀리초에 완료되었습니다.
04-Dec-2023 10:44:52.618 INFO [main] org.apache.catalina.startup.HostConfig.deployDirectory 웹 애플리케이션 디렉토리 [D:\JSP\apache-tomcat-10.1.16\webapps\host-manager]을(를) 배치합니다.
04-Dec-2023 10:44:52.679 INFO [main] org.apache.catalina.startup.HostConfig.deployDirectory 웹 애플리케이션 디렉토리 [D:\JSP\apache-tomcat-10.1.16\webapps\host-manager]에 대한 배치가 [62] 밀리초에 완료되었습니다.
04-Dec-2023 10:44:52.680 INFO [main] org.apache.catalina.startup.HostConfig.deployDirectory 웹 애플리케이션 디렉토리 [D:\JSP\apache-tomcat-10.1.16\webapps\manager]을(를) 배치합니다.
04-Dec-2023 10:44:52.722 INFO [main] org.apache.catalina.startup.HostConfig.deployDirectory 웹 애플리케이션 디렉토리 [D:\JSP\apache-tomcat-10.1.16\webapps\manager]에 대한 배치가 [43] 밀리초에 완료되었습니다.
04-Dec-2023 10:44:52.722 INFO [main] org.apache.catalina.startup.HostConfig.deployDirectory 웹 애플리케이션 디렉토리 [D:\JSP\apache-tomcat-10.1.16\webapps\ROOT]을(를) 배치합니다.
04-Dec-2023 10:44:52.746 INFO [main] org.apache.catalina.startup.HostConfig.deployDirectory 웹 애플리케이션 디렉토리 [D:\JSP\apache-tomcat-10.1.16\webapps\ROOT]에 대한 배치가 [24] 밀리초에 완료되었습니다.
04-Dec-2023 10:44:52.751 INFO [main] org.apache.coyote.AbstractProtocol.start 프로토콜 핸들러 ["http-nio-8080"]을(를) 시작합니다.
04-Dec-2023 10:44:52.792 INFO [main] org.apache.catalina.startup.Catalina.start 서버가 [2272] 밀리초 내에 시작되었습니다.
04-Dec-2023 19:13:57.052 INFO [main] org.apache.catalina.startup.VersionLoggerListener.log 서버 버전 이름:    Apache Tomcat/10.1.16
04-Dec-2023 19:13:57.068 INFO [main] org.apache.catalina.startup.VersionLoggerListener.log Server 빌드 시각:  Nov 10 2023 16:17:33 UTC
04-Dec-2023 19:13:57.068 INFO [main] org.apache.catalina.startup.VersionLoggerListener.log Server 버전 번호:  10.1.16.0
04-Dec-2023 19:13:57.068 INFO [main] org.apache.catalina.startup.VersionLoggerListener.log 운영체제 이름:     Windows 10
04-Dec-2023 19:13:57.068 INFO [main] org.apache.catalina.startup.VersionLoggerListener.log 운영체제 버전:     10.0
04-Dec-2023 19:13:57.068 INFO [main] org.apache.catalina.startup.VersionLoggerListener.log 아키텍처:          amd64
04-Dec-2023 19:13:57.068 INFO [main] org.apache.catalina.startup.VersionLoggerListener.log 자바 홈:           C:\Program Files\Java\jdk-21
04-Dec-2023 19:13:57.068 INFO [main] org.apache.catalina.startup.VersionLoggerListener.log JVM 버전:          21.0.1+12-LTS-29
04-Dec-2023 19:13:57.068 INFO [main] org.apache.catalina.startup.VersionLoggerListener.log JVM 벤더:          Oracle Corporation
04-Dec-2023 19:13:57.068 INFO [main] org.apache.catalina.startup.VersionLoggerListener.log CATALINA_BASE:     D:\JSP\apache-tomcat-10.1.16
04-Dec-2023 19:13:57.068 INFO [main] org.apache.catalina.startup.VersionLoggerListener.log CATALINA_HOME:     D:\JSP\apache-tomcat-10.1.16
04-Dec-2023 19:13:57.087 INFO [main] org.apache.catalina.startup.VersionLoggerListener.log 명령 행 아규먼트:  -Dcatalina.home=D:\JSP\apache-tomcat-10.1.16
04-Dec-2023 19:13:57.087 INFO [main] org.apache.catalina.startup.VersionLoggerListener.log 명령 행 아규먼트:  -Dcatalina.base=D:\JSP\apache-tomcat-10.1.16
04-Dec-2023 19:13:57.087 INFO [main] org.apache.catalina.startup.VersionLoggerListener.log 명령 행 아규먼트:  -Djava.io.tmpdir=D:\JSP\apache-tomcat-10.1.16\temp
04-Dec-2023 19:13:57.087 INFO [main] org.apache.catalina.startup.VersionLoggerListener.log 명령 행 아규먼트:  -Djava.util.logging.manager=org.apache.juli.ClassLoaderLogManager
04-Dec-2023 19:13:57.087 INFO [main] org.apache.catalina.startup.VersionLoggerListener.log 명령 행 아규먼트:  -Djava.util.logging.config.file=D:\JSP\apache-tomcat-10.1.16\conf\logging.properties
04-Dec-2023 19:13:57.087 INFO [main] org.apache.catalina.startup.VersionLoggerListener.log 명령 행 아규먼트:  --add-opens=java.base/java.lang=ALL-UNNAMED
04-Dec-2023 19:13:57.087 INFO [main] org.apache.catalina.startup.VersionLoggerListener.log 명령 행 아규먼트:  --add-opens=java.base/java.io=ALL-UNNAMED
04-Dec-2023 19:13:57.087 INFO [main] org.apache.catalina.startup.VersionLoggerListener.log 명령 행 아규먼트:  --add-opens=java.base/java.util=ALL-UNNAMED
04-Dec-2023 19:13:57.087 INFO [main] org.apache.catalina.startup.VersionLoggerListener.log 명령 행 아규먼트:  --add-opens=java.base/java.util.concurrent=ALL-UNNAMED
04-Dec-2023 19:13:57.088 INFO [main] org.apache.catalina.startup.VersionLoggerListener.log 명령 행 아규먼트:  --add-opens=java.rmi/sun.rmi.transport=ALL-UNNAMED
04-Dec-2023 19:13:57.088 INFO [main] org.apache.catalina.startup.VersionLoggerListener.log 명령 행 아규먼트:  exit
04-Dec-2023 19:13:57.088 INFO [main] org.apache.catalina.startup.VersionLoggerListener.log 명령 행 아규먼트:  abort
04-Dec-2023 19:13:57.088 INFO [main] org.apache.catalina.startup.VersionLoggerListener.log 명령 행 아규먼트:  -Xms128m
04-Dec-2023 19:13:57.088 INFO [main] org.apache.catalina.startup.VersionLoggerListener.log 명령 행 아규먼트:  -Xmx256m
04-Dec-2023 19:13:57.109 INFO [main] org.apache.catalina.core.AprLifecycleListener.lifecycleEvent APR 버전 [1.7.4]을(를) 사용한, APR 기반 Apache Tomcat Native 라이브러리 [2.0.6]을(를) 로드했습니다.
04-Dec-2023 19:13:57.118 INFO [main] org.apache.catalina.core.AprLifecycleListener.initializeSSL OpenSSL이 성공적으로 초기화되었습니다: [OpenSSL 3.0.11 19 Sep 2023]
04-Dec-2023 19:13:57.449 INFO [main] org.apache.coyote.AbstractProtocol.init 프로토콜 핸들러 ["http-nio-8080"]을(를) 초기화합니다.
04-Dec-2023 19:13:57.487 INFO [main] org.apache.catalina.startup.Catalina.load [664] 밀리초 내에 서버가 초기화되었습니다.
04-Dec-2023 19:13:57.541 INFO [main] org.apache.catalina.core.StandardService.startInternal 서비스 [Catalina]을(를) 시작합니다.
04-Dec-2023 19:13:57.541 INFO [main] org.apache.catalina.core.StandardEngine.startInternal 서버 엔진을 시작합니다: [Apache Tomcat/10.1.16]
04-Dec-2023 19:13:57.557 INFO [main] org.apache.catalina.startup.HostConfig.deployDirectory 웹 애플리케이션 디렉토리 [D:\JSP\apache-tomcat-10.1.16\webapps\docs]을(를) 배치합니다.
04-Dec-2023 19:13:58.013 INFO [main] org.apache.catalina.startup.HostConfig.deployDirectory 웹 애플리케이션 디렉토리 [D:\JSP\apache-tomcat-10.1.16\webapps\docs]에 대한 배치가 [426] 밀리초에 완료되었습니다.
04-Dec-2023 19:13:58.013 INFO [main] org.apache.catalina.startup.HostConfig.deployDirectory 웹 애플리케이션 디렉토리 [D:\JSP\apache-tomcat-10.1.16\webapps\examples]을(를) 배치합니다.
04-Dec-2023 19:13:59.480 INFO [main] org.apache.catalina.startup.HostConfig.deployDirectory 웹 애플리케이션 디렉토리 [D:\JSP\apache-tomcat-10.1.16\webapps\examples]에 대한 배치가 [1,467] 밀리초에 완료되었습니다.
04-Dec-2023 19:13:59.480 INFO [main] org.apache.catalina.startup.HostConfig.deployDirectory 웹 애플리케이션 디렉토리 [D:\JSP\apache-tomcat-10.1.16\webapps\host-manager]을(를) 배치합니다.
04-Dec-2023 19:13:59.543 INFO [main] org.apache.catalina.startup.HostConfig.deployDirectory 웹 애플리케이션 디렉토리 [D:\JSP\apache-tomcat-10.1.16\webapps\host-manager]에 대한 배치가 [63] 밀리초에 완료되었습니다.
04-Dec-2023 19:13:59.551 INFO [main] org.apache.catalina.startup.HostConfig.deployDirectory 웹 애플리케이션 디렉토리 [D:\JSP\apache-tomcat-10.1.16\webapps\manager]을(를) 배치합니다.
04-Dec-2023 19:13:59.603 INFO [main] org.apache.catalina.startup.HostConfig.deployDirectory 웹 애플리케이션 디렉토리 [D:\JSP\apache-tomcat-10.1.16\webapps\manager]에 대한 배치가 [60] 밀리초에 완료되었습니다.
04-Dec-2023 19:13:59.604 INFO [main] org.apache.catalina.startup.HostConfig.deployDirectory 웹 애플리케이션 디렉토리 [D:\JSP\apache-tomcat-10.1.16\webapps\ROOT]을(를) 배치합니다.
04-Dec-2023 19:13:59.626 INFO [main] org.apache.catalina.startup.HostConfig.deployDirectory 웹 애플리케이션 디렉토리 [D:\JSP\apache-tomcat-10.1.16\webapps\ROOT]에 대한 배치가 [23] 밀리초에 완료되었습니다.
04-Dec-2023 19:13:59.626 INFO [main] org.apache.coyote.AbstractProtocol.start 프로토콜 핸들러 ["http-nio-8080"]을(를) 시작합니다.
04-Dec-2023 19:13:59.668 INFO [main] org.apache.catalina.startup.Catalina.start 서버가 [2191] 밀리초 내에 시작되었습니다.
04-Dec-2023 19:16:58.675 INFO [Thread-2] org.apache.coyote.AbstractProtocol.pause 프로토콜 핸들러 ["http-nio-8080"]을(를) 일시 정지 중
04-Dec-2023 19:16:58.704 INFO [Thread-2] org.apache.catalina.core.StandardService.stopInternal 서비스 [Catalina]을(를) 중지시킵니다.
04-Dec-2023 19:16:58.748 INFO [Thread-2] org.apache.coyote.AbstractProtocol.stop 프로토콜 핸들러 ["http-nio-8080"]을(를) 중지시킵니다.
04-Dec-2023 19:16:58.769 INFO [Thread-2] org.apache.coyote.AbstractProtocol.destroy 프로토콜 핸들러 ["http-nio-8080"]을(를) 소멸시킵니다.
04-Dec-2023 19:19:20.961 INFO [main] org.apache.catalina.startup.VersionLoggerListener.log 서버 버전 이름:    Apache Tomcat/10.1.16
04-Dec-2023 19:19:20.961 INFO [main] org.apache.catalina.startup.VersionLoggerListener.log Server 빌드 시각:  Nov 10 2023 16:17:33 UTC
04-Dec-2023 19:19:20.961 INFO [main] org.apache.catalina.startup.VersionLoggerListener.log Server 버전 번호:  10.1.16.0
04-Dec-2023 19:19:20.961 INFO [main] org.apache.catalina.startup.VersionLoggerListener.log 운영체제 이름:     Windows 10
04-Dec-2023 19:19:20.961 INFO [main] org.apache.catalina.startup.VersionLoggerListener.log 운영체제 버전:     10.0
04-Dec-2023 19:19:20.961 INFO [main] org.apache.catalina.startup.VersionLoggerListener.log 아키텍처:          amd64
04-Dec-2023 19:19:20.961 INFO [main] org.apache.catalina.startup.VersionLoggerListener.log 자바 홈:           C:\Program Files\Java\jdk-21
04-Dec-2023 19:19:20.961 INFO [main] org.apache.catalina.startup.VersionLoggerListener.log JVM 버전:          21.0.1+12-LTS-29
04-Dec-2023 19:19:20.961 INFO [main] org.apache.catalina.startup.VersionLoggerListener.log JVM 벤더:          Oracle Corporation
04-Dec-2023 19:19:20.961 INFO [main] org.apache.catalina.startup.VersionLoggerListener.log CATALINA_BASE:     D:\JSP\apache-tomcat-10.1.16
04-Dec-2023 19:19:20.961 INFO [main] org.apache.catalina.startup.VersionLoggerListener.log CATALINA_HOME:     D:\JSP\apache-tomcat-10.1.16
04-Dec-2023 19:19:20.974 INFO [main] org.apache.catalina.startup.VersionLoggerListener.log 명령 행 아규먼트:  -Dcatalina.home=D:\JSP\apache-tomcat-10.1.16
04-Dec-2023 19:19:20.974 INFO [main] org.apache.catalina.startup.VersionLoggerListener.log 명령 행 아규먼트:  -Dcatalina.base=D:\JSP\apache-tomcat-10.1.16
04-Dec-2023 19:19:20.974 INFO [main] org.apache.catalina.startup.VersionLoggerListener.log 명령 행 아규먼트:  -Djava.io.tmpdir=D:\JSP\apache-tomcat-10.1.16\temp
04-Dec-2023 19:19:20.974 INFO [main] org.apache.catalina.startup.VersionLoggerListener.log 명령 행 아규먼트:  -Djava.util.logging.manager=org.apache.juli.ClassLoaderLogManager
04-Dec-2023 19:19:20.974 INFO [main] org.apache.catalina.startup.VersionLoggerListener.log 명령 행 아규먼트:  -Djava.util.logging.config.file=D:\JSP\apache-tomcat-10.1.16\conf\logging.properties
04-Dec-2023 19:19:20.974 INFO [main] org.apache.catalina.startup.VersionLoggerListener.log 명령 행 아규먼트:  --add-opens=java.base/java.lang=ALL-UNNAMED
04-Dec-2023 19:19:20.974 INFO [main] org.apache.catalina.startup.VersionLoggerListener.log 명령 행 아규먼트:  --add-opens=java.base/java.io=ALL-UNNAMED
04-Dec-2023 19:19:20.974 INFO [main] org.apache.catalina.startup.VersionLoggerListener.log 명령 행 아규먼트:  --add-opens=java.base/java.util=ALL-UNNAMED
04-Dec-2023 19:19:20.974 INFO [main] org.apache.catalina.startup.VersionLoggerListener.log 명령 행 아규먼트:  --add-opens=java.base/java.util.concurrent=ALL-UNNAMED
04-Dec-2023 19:19:20.974 INFO [main] org.apache.catalina.startup.VersionLoggerListener.log 명령 행 아규먼트:  --add-opens=java.rmi/sun.rmi.transport=ALL-UNNAMED
04-Dec-2023 19:19:20.974 INFO [main] org.apache.catalina.startup.VersionLoggerListener.log 명령 행 아규먼트:  exit
04-Dec-2023 19:19:20.974 INFO [main] org.apache.catalina.startup.VersionLoggerListener.log 명령 행 아규먼트:  abort
04-Dec-2023 19:19:20.974 INFO [main] org.apache.catalina.startup.VersionLoggerListener.log 명령 행 아규먼트:  -Xms128m
04-Dec-2023 19:19:20.974 INFO [main] org.apache.catalina.startup.VersionLoggerListener.log 명령 행 아규먼트:  -Xmx256m
04-Dec-2023 19:19:20.974 INFO [main] org.apache.catalina.core.AprLifecycleListener.lifecycleEvent APR 버전 [1.7.4]을(를) 사용한, APR 기반 Apache Tomcat Native 라이브러리 [2.0.6]을(를) 로드했습니다.
04-Dec-2023 19:19:20.992 INFO [main] org.apache.catalina.core.AprLifecycleListener.initializeSSL OpenSSL이 성공적으로 초기화되었습니다: [OpenSSL 3.0.11 19 Sep 2023]
04-Dec-2023 19:19:21.428 INFO [main] org.apache.coyote.AbstractProtocol.init 프로토콜 핸들러 ["http-nio-8080"]을(를) 초기화합니다.
04-Dec-2023 19:19:21.478 INFO [main] org.apache.catalina.startup.Catalina.load [789] 밀리초 내에 서버가 초기화되었습니다.
04-Dec-2023 19:19:21.544 INFO [main] org.apache.catalina.core.StandardService.startInternal 서비스 [Catalina]을(를) 시작합니다.
04-Dec-2023 19:19:21.544 INFO [main] org.apache.catalina.core.StandardEngine.startInternal 서버 엔진을 시작합니다: [Apache Tomcat/10.1.16]
04-Dec-2023 19:19:21.560 INFO [main] org.apache.catalina.startup.HostConfig.deployDirectory 웹 애플리케이션 디렉토리 [D:\JSP\apache-tomcat-10.1.16\webapps\docs]을(를) 배치합니다.
04-Dec-2023 19:19:22.140 INFO [main] org.apache.catalina.startup.HostConfig.deployDirectory 웹 애플리케이션 디렉토리 [D:\JSP\apache-tomcat-10.1.16\webapps\docs]에 대한 배치가 [576] 밀리초에 완료되었습니다.
04-Dec-2023 19:19:22.140 INFO [main] org.apache.catalina.startup.HostConfig.deployDirectory 웹 애플리케이션 디렉토리 [D:\JSP\apache-tomcat-10.1.16\webapps\examples]을(를) 배치합니다.
04-Dec-2023 19:19:23.277 INFO [main] org.apache.catalina.startup.HostConfig.deployDirectory 웹 애플리케이션 디렉토리 [D:\JSP\apache-tomcat-10.1.16\webapps\examples]에 대한 배치가 [1,137] 밀리초에 완료되었습니다.
04-Dec-2023 19:19:23.277 INFO [main] org.apache.catalina.startup.HostConfig.deployDirectory 웹 애플리케이션 디렉토리 [D:\JSP\apache-tomcat-10.1.16\webapps\host-manager]을(를) 배치합니다.
04-Dec-2023 19:19:23.327 INFO [main] org.apache.catalina.startup.HostConfig.deployDirectory 웹 애플리케이션 디렉토리 [D:\JSP\apache-tomcat-10.1.16\webapps\host-manager]에 대한 배치가 [50] 밀리초에 완료되었습니다.
04-Dec-2023 19:19:23.327 INFO [main] org.apache.catalina.startup.HostConfig.deployDirectory 웹 애플리케이션 디렉토리 [D:\JSP\apache-tomcat-10.1.16\webapps\manager]을(를) 배치합니다.
04-Dec-2023 19:19:23.374 INFO [main] org.apache.catalina.startup.HostConfig.deployDirectory 웹 애플리케이션 디렉토리 [D:\JSP\apache-tomcat-10.1.16\webapps\manager]에 대한 배치가 [47] 밀리초에 완료되었습니다.
04-Dec-2023 19:19:23.374 INFO [main] org.apache.catalina.startup.HostConfig.deployDirectory 웹 애플리케이션 디렉토리 [D:\JSP\apache-tomcat-10.1.16\webapps\ROOT]을(를) 배치합니다.
04-Dec-2023 19:19:23.409 INFO [main] org.apache.catalina.startup.HostConfig.deployDirectory 웹 애플리케이션 디렉토리 [D:\JSP\apache-tomcat-10.1.16\webapps\ROOT]에 대한 배치가 [35] 밀리초에 완료되었습니다.
04-Dec-2023 19:19:23.423 INFO [main] org.apache.coyote.AbstractProtocol.start 프로토콜 핸들러 ["http-nio-8080"]을(를) 시작합니다.
04-Dec-2023 19:19:23.475 INFO [main] org.apache.catalina.startup.Catalina.start 서버가 [1993] 밀리초 내에 시작되었습니다.
04-Dec-2023 20:40:24.021 WARNING [http-nio-8080-exec-6] org.apache.catalina.webresources.AbstractFileResourceSet.logIgnoredSymlink 경로 [/checkdb.]에 위치한 웹 애플리케이션 []을(를) 위한 리소스가, 표준 경로 [/checkdb]와(과) 일치하지 않아서, 로드되지 못했습니다. 심벌릭 링크 사용이 원인 중 하나일 수 있습니다.
04-Dec-2023 22:43:27.615 INFO [main] org.apache.catalina.startup.VersionLoggerListener.log 서버 버전 이름:    Apache Tomcat/10.1.16
04-Dec-2023 22:43:27.634 INFO [main] org.apache.catalina.startup.VersionLoggerListener.log Server 빌드 시각:  Nov 10 2023 16:17:33 UTC
04-Dec-2023 22:43:27.634 INFO [main] org.apache.catalina.startup.VersionLoggerListener.log Server 버전 번호:  10.1.16.0
04-Dec-2023 22:43:27.635 INFO [main] org.apache.catalina.startup.VersionLoggerListener.log 운영체제 이름:     Windows 10
04-Dec-2023 22:43:27.635 INFO [main] org.apache.catalina.startup.VersionLoggerListener.log 운영체제 버전:     10.0
04-Dec-2023 22:43:27.635 INFO [main] org.apache.catalina.startup.VersionLoggerListener.log 아키텍처:          amd64
04-Dec-2023 22:43:27.635 INFO [main] org.apache.catalina.startup.VersionLoggerListener.log 자바 홈:           C:\Program Files\Java\jdk-21
04-Dec-2023 22:43:27.635 INFO [main] org.apache.catalina.startup.VersionLoggerListener.log JVM 버전:          21.0.1+12-LTS-29
04-Dec-2023 22:43:27.635 INFO [main] org.apache.catalina.startup.VersionLoggerListener.log JVM 벤더:          Oracle Corporation
04-Dec-2023 22:43:27.635 INFO [main] org.apache.catalina.startup.VersionLoggerListener.log CATALINA_BASE:     D:\JSP\apache-tomcat-10.1.16
04-Dec-2023 22:43:27.635 INFO [main] org.apache.catalina.startup.VersionLoggerListener.log CATALINA_HOME:     D:\JSP\apache-tomcat-10.1.16
04-Dec-2023 22:43:27.643 INFO [main] org.apache.catalina.startup.VersionLoggerListener.log 명령 행 아규먼트:  -Dcatalina.home=D:\JSP\apache-tomcat-10.1.16
04-Dec-2023 22:43:27.644 INFO [main] org.apache.catalina.startup.VersionLoggerListener.log 명령 행 아규먼트:  -Dcatalina.base=D:\JSP\apache-tomcat-10.1.16
04-Dec-2023 22:43:27.644 INFO [main] org.apache.catalina.startup.VersionLoggerListener.log 명령 행 아규먼트:  -Djava.io.tmpdir=D:\JSP\apache-tomcat-10.1.16\temp
04-Dec-2023 22:43:27.644 INFO [main] org.apache.catalina.startup.VersionLoggerListener.log 명령 행 아규먼트:  -Djava.util.logging.manager=org.apache.juli.ClassLoaderLogManager
04-Dec-2023 22:43:27.644 INFO [main] org.apache.catalina.startup.VersionLoggerListener.log 명령 행 아규먼트:  -Djava.util.logging.config.file=D:\JSP\apache-tomcat-10.1.16\conf\logging.properties
04-Dec-2023 22:43:27.644 INFO [main] org.apache.catalina.startup.VersionLoggerListener.log 명령 행 아규먼트:  --add-opens=java.base/java.lang=ALL-UNNAMED
04-Dec-2023 22:43:27.644 INFO [main] org.apache.catalina.startup.VersionLoggerListener.log 명령 행 아규먼트:  --add-opens=java.base/java.io=ALL-UNNAMED
04-Dec-2023 22:43:27.644 INFO [main] org.apache.catalina.startup.VersionLoggerListener.log 명령 행 아규먼트:  --add-opens=java.base/java.util=ALL-UNNAMED
04-Dec-2023 22:43:27.644 INFO [main] org.apache.catalina.startup.VersionLoggerListener.log 명령 행 아규먼트:  --add-opens=java.base/java.util.concurrent=ALL-UNNAMED
04-Dec-2023 22:43:27.644 INFO [main] org.apache.catalina.startup.VersionLoggerListener.log 명령 행 아규먼트:  --add-opens=java.rmi/sun.rmi.transport=ALL-UNNAMED
04-Dec-2023 22:43:27.644 INFO [main] org.apache.catalina.startup.VersionLoggerListener.log 명령 행 아규먼트:  exit
04-Dec-2023 22:43:27.644 INFO [main] org.apache.catalina.startup.VersionLoggerListener.log 명령 행 아규먼트:  abort
04-Dec-2023 22:43:27.644 INFO [main] org.apache.catalina.startup.VersionLoggerListener.log 명령 행 아규먼트:  -Xms128m
04-Dec-2023 22:43:27.644 INFO [main] org.apache.catalina.startup.VersionLoggerListener.log 명령 행 아규먼트:  -Xmx256m
04-Dec-2023 22:43:27.647 INFO [main] org.apache.catalina.core.AprLifecycleListener.lifecycleEvent APR 버전 [1.7.4]을(를) 사용한, APR 기반 Apache Tomcat Native 라이브러리 [2.0.6]을(를) 로드했습니다.
04-Dec-2023 22:43:27.651 INFO [main] org.apache.catalina.core.AprLifecycleListener.initializeSSL OpenSSL이 성공적으로 초기화되었습니다: [OpenSSL 3.0.11 19 Sep 2023]
04-Dec-2023 22:43:28.410 INFO [main] org.apache.coyote.AbstractProtocol.init 프로토콜 핸들러 ["http-nio-8080"]을(를) 초기화합니다.
04-Dec-2023 22:43:28.502 INFO [main] org.apache.catalina.startup.Catalina.load [1168] 밀리초 내에 서버가 초기화되었습니다.
04-Dec-2023 22:43:28.692 INFO [main] org.apache.catalina.core.StandardService.startInternal 서비스 [Catalina]을(를) 시작합니다.
04-Dec-2023 22:43:28.692 INFO [main] org.apache.catalina.core.StandardEngine.startInternal 서버 엔진을 시작합니다: [Apache Tomcat/10.1.16]
04-Dec-2023 22:43:28.728 INFO [main] org.apache.catalina.startup.HostConfig.deployDirectory 웹 애플리케이션 디렉토리 [D:\JSP\apache-tomcat-10.1.16\webapps\docs]을(를) 배치합니다.
04-Dec-2023 22:43:30.405 INFO [main] org.apache.jasper.servlet.TldScanner.scanJars 적어도 하나의 JAR가 TLD들을 찾기 위해 스캔되었으나 아무 것도 찾지 못했습니다. 스캔했으나 TLD가 없는 JAR들의 전체 목록을 보시려면, 로그 레벨을 디버그 레벨로 설정하십시오. 스캔 과정에서 불필요한 JAR들을 건너뛰면, 시스템 시작 시간과 JSP 컴파일 시간을 단축시킬 수 있습니다.
04-Dec-2023 22:43:30.690 INFO [main] org.apache.catalina.startup.HostConfig.deployDirectory 웹 애플리케이션 디렉토리 [D:\JSP\apache-tomcat-10.1.16\webapps\docs]에 대한 배치가 [1,926] 밀리초에 완료되었습니다.
04-Dec-2023 22:43:30.698 INFO [main] org.apache.catalina.startup.HostConfig.deployDirectory 웹 애플리케이션 디렉토리 [D:\JSP\apache-tomcat-10.1.16\webapps\examples]을(를) 배치합니다.
04-Dec-2023 22:43:32.002 INFO [main] org.apache.jasper.servlet.TldScanner.scanJars 적어도 하나의 JAR가 TLD들을 찾기 위해 스캔되었으나 아무 것도 찾지 못했습니다. 스캔했으나 TLD가 없는 JAR들의 전체 목록을 보시려면, 로그 레벨을 디버그 레벨로 설정하십시오. 스캔 과정에서 불필요한 JAR들을 건너뛰면, 시스템 시작 시간과 JSP 컴파일 시간을 단축시킬 수 있습니다.
04-Dec-2023 22:43:32.048 INFO [main] org.apache.catalina.startup.HostConfig.deployDirectory 웹 애플리케이션 디렉토리 [D:\JSP\apache-tomcat-10.1.16\webapps\examples]에 대한 배치가 [1,351] 밀리초에 완료되었습니다.
04-Dec-2023 22:43:32.049 INFO [main] org.apache.catalina.startup.HostConfig.deployDirectory 웹 애플리케이션 디렉토리 [D:\JSP\apache-tomcat-10.1.16\webapps\host-manager]을(를) 배치합니다.
04-Dec-2023 22:43:32.317 INFO [main] org.apache.jasper.servlet.TldScanner.scanJars 적어도 하나의 JAR가 TLD들을 찾기 위해 스캔되었으나 아무 것도 찾지 못했습니다. 스캔했으나 TLD가 없는 JAR들의 전체 목록을 보시려면, 로그 레벨을 디버그 레벨로 설정하십시오. 스캔 과정에서 불필요한 JAR들을 건너뛰면, 시스템 시작 시간과 JSP 컴파일 시간을 단축시킬 수 있습니다.
04-Dec-2023 22:43:32.328 INFO [main] org.apache.catalina.startup.HostConfig.deployDirectory 웹 애플리케이션 디렉토리 [D:\JSP\apache-tomcat-10.1.16\webapps\host-manager]에 대한 배치가 [280] 밀리초에 완료되었습니다.
04-Dec-2023 22:43:32.329 INFO [main] org.apache.catalina.startup.HostConfig.deployDirectory 웹 애플리케이션 디렉토리 [D:\JSP\apache-tomcat-10.1.16\webapps\manager]을(를) 배치합니다.
04-Dec-2023 22:43:32.560 INFO [main] org.apache.jasper.servlet.TldScanner.scanJars 적어도 하나의 JAR가 TLD들을 찾기 위해 스캔되었으나 아무 것도 찾지 못했습니다. 스캔했으나 TLD가 없는 JAR들의 전체 목록을 보시려면, 로그 레벨을 디버그 레벨로 설정하십시오. 스캔 과정에서 불필요한 JAR들을 건너뛰면, 시스템 시작 시간과 JSP 컴파일 시간을 단축시킬 수 있습니다.
04-Dec-2023 22:43:32.562 INFO [main] org.apache.catalina.startup.HostConfig.deployDirectory 웹 애플리케이션 디렉토리 [D:\JSP\apache-tomcat-10.1.16\webapps\manager]에 대한 배치가 [233] 밀리초에 완료되었습니다.
04-Dec-2023 22:43:32.562 INFO [main] org.apache.catalina.startup.HostConfig.deployDirectory 웹 애플리케이션 디렉토리 [D:\JSP\apache-tomcat-10.1.16\webapps\ROOT]을(를) 배치합니다.
04-Dec-2023 22:43:32.986 INFO [main] org.apache.jasper.servlet.TldScanner.scanJars 적어도 하나의 JAR가 TLD들을 찾기 위해 스캔되었으나 아무 것도 찾지 못했습니다. 스캔했으나 TLD가 없는 JAR들의 전체 목록을 보시려면, 로그 레벨을 디버그 레벨로 설정하십시오. 스캔 과정에서 불필요한 JAR들을 건너뛰면, 시스템 시작 시간과 JSP 컴파일 시간을 단축시킬 수 있습니다.
04-Dec-2023 22:43:32.988 INFO [main] org.apache.catalina.startup.HostConfig.deployDirectory 웹 애플리케이션 디렉토리 [D:\JSP\apache-tomcat-10.1.16\webapps\ROOT]에 대한 배치가 [426] 밀리초에 완료되었습니다.
04-Dec-2023 22:43:32.992 INFO [main] org.apache.coyote.AbstractProtocol.start 프로토콜 핸들러 ["http-nio-8080"]을(를) 시작합니다.
04-Dec-2023 22:43:33.038 INFO [main] org.apache.catalina.startup.Catalina.start 서버가 [4522] 밀리초 내에 시작되었습니다.
