[2023-12-18 20:32:01] [info]  [13396] Apache Commons Daemon procrun (1.3.4.0 64-bit) started.
[2023-12-18 20:32:01] [info]  [13396] Running Service 'Tomcat10'...
[2023-12-18 20:32:01] [info]  [16072] Starting service...
[2023-12-18 20:32:03] [info]  [16072] Service started in 1843 milliseconds.
[2023-12-18 22:10:19] [info]  [13396] Service SERVICE_CONTROL_STOP signalled.
[2023-12-18 22:10:19] [info]  [15828] Stopping service...
[2023-12-18 22:10:20] [info]  [15828] Service stop thread completed.
[2023-12-18 22:10:20] [info]  [13396] Run service finished.
[2023-12-18 22:10:20] [info]  [13396] Apache Commons Daemon procrun finished.
[2023-12-18 23:00:43] [info]  [ 4672] Apache Commons Daemon procrun (1.3.4.0 64-bit) started.
[2023-12-18 23:00:43] [info]  [ 4672] Running Service 'Tomcat10'...
[2023-12-18 23:00:43] [info]  [16376] Starting service...
[2023-12-18 23:00:44] [info]  [16376] Service started in 1147 milliseconds.
[2023-12-18 23:30:03] [info]  [ 4672] Service SERVICE_CONTROL_STOP signalled.
[2023-12-18 23:30:03] [info]  [ 2772] Stopping service...
[2023-12-18 23:30:05] [info]  [ 2772] Service stop thread completed.
[2023-12-18 23:30:05] [info]  [ 4672] Run service finished.
[2023-12-18 23:30:05] [info]  [ 4672] Apache Commons Daemon procrun finished.
[2023-12-18 23:30:17] [info]  [11976] Apache Commons Daemon procrun (1.3.4.0 64-bit) started.
[2023-12-18 23:30:17] [info]  [11976] Running Service 'Tomcat10'...
[2023-12-18 23:30:17] [info]  [16192] Starting service...
[2023-12-18 23:30:18] [info]  [16192] Service started in 1151 milliseconds.
[2023-12-19 00:52:34] [info]  [11976] Service SERVICE_CONTROL_STOP signalled.
[2023-12-19 00:52:34] [info]  [15244] Stopping service...
[2023-12-19 00:52:35] [info]  [15244] Service stop thread completed.
[2023-12-19 00:52:35] [info]  [11976] Run service finished.
[2023-12-19 00:52:35] [info]  [11976] Apache Commons Daemon procrun finished.
