[2023-12-19 21:10:23] [info]  [ 8756] Apache Commons Daemon procrun (1.3.4.0 64-bit) started.
[2023-12-19 21:10:23] [info]  [ 8756] Running Service 'Tomcat10'...
[2023-12-19 21:10:23] [info]  [13536] Starting service...
[2023-12-19 21:10:25] [info]  [13536] Service started in 1870 milliseconds.
[2023-12-19 21:14:24] [info]  [ 8756] Service SERVICE_CONTROL_STOP signalled.
[2023-12-19 21:14:24] [info]  [15980] Stopping service...
[2023-12-19 21:14:25] [info]  [15980] Service stop thread completed.
[2023-12-19 21:14:25] [info]  [ 8756] Run service finished.
[2023-12-19 21:14:25] [info]  [ 8756] Apache Commons Daemon procrun finished.
[2023-12-19 21:14:35] [info]  [14800] Apache Commons Daemon procrun (1.3.4.0 64-bit) started.
[2023-12-19 21:14:35] [info]  [14800] Running Service 'Tomcat10'...
[2023-12-19 21:14:35] [info]  [13304] Starting service...
[2023-12-19 21:14:36] [info]  [13304] Service started in 1157 milliseconds.
[2023-12-19 21:21:17] [info]  [14800] Service SERVICE_CONTROL_STOP signalled.
[2023-12-19 21:21:17] [info]  [16216] Stopping service...
[2023-12-19 21:21:18] [info]  [16216] Service stop thread completed.
[2023-12-19 21:21:18] [info]  [14800] Run service finished.
[2023-12-19 21:21:18] [info]  [14800] Apache Commons Daemon procrun finished.
[2023-12-19 21:22:39] [info]  [13724] Apache Commons Daemon procrun (1.3.4.0 64-bit) started.
[2023-12-19 21:22:39] [info]  [13724] Running Service 'Tomcat10'...
[2023-12-19 21:22:39] [info]  [ 9960] Starting service...
[2023-12-19 21:22:40] [info]  [ 9960] Service started in 1157 milliseconds.
[2023-12-19 21:34:08] [info]  [13724] Service SERVICE_CONTROL_STOP signalled.
[2023-12-19 21:34:08] [info]  [ 2136] Stopping service...
[2023-12-19 21:34:09] [info]  [ 2136] Service stop thread completed.
[2023-12-19 21:34:09] [info]  [13724] Run service finished.
[2023-12-19 21:34:09] [info]  [13724] Apache Commons Daemon procrun finished.
[2023-12-19 21:44:37] [info]  [ 9644] Apache Commons Daemon procrun (1.3.4.0 64-bit) started.
[2023-12-19 21:44:37] [info]  [ 9644] Running Service 'Tomcat10'...
[2023-12-19 21:44:37] [info]  [11392] Starting service...
[2023-12-19 21:44:38] [info]  [11392] Service started in 1121 milliseconds.
[2023-12-19 21:45:02] [info]  [ 9644] Service SERVICE_CONTROL_STOP signalled.
[2023-12-19 21:45:02] [info]  [ 2200] Stopping service...
[2023-12-19 21:45:03] [info]  [ 2200] Service stop thread completed.
[2023-12-19 21:45:03] [info]  [ 9644] Run service finished.
[2023-12-19 21:45:03] [info]  [ 9644] Apache Commons Daemon procrun finished.
[2023-12-19 21:46:13] [info]  [ 8144] Apache Commons Daemon procrun (1.3.4.0 64-bit) started.
[2023-12-19 21:46:13] [info]  [ 8144] Running Service 'Tomcat10'...
[2023-12-19 21:46:13] [info]  [10572] Starting service...
[2023-12-19 21:46:14] [info]  [10572] Service started in 1377 milliseconds.
[2023-12-19 23:24:19] [info]  [ 8144] Service SERVICE_CONTROL_STOP signalled.
[2023-12-19 23:24:19] [info]  [ 3164] Stopping service...
[2023-12-19 23:24:20] [info]  [ 3164] Service stop thread completed.
[2023-12-19 23:24:20] [info]  [ 8144] Run service finished.
[2023-12-19 23:24:20] [info]  [ 8144] Apache Commons Daemon procrun finished.
