[2023-12-24 12:47:27] [info]  [10256] Apache Commons Daemon procrun (1.3.4.0 64-bit) started.
[2023-12-24 12:47:27] [info]  [10256] Running Service 'Tomcat10'...
[2023-12-24 12:47:27] [info]  [ 1012] Starting service...
[2023-12-24 12:47:29] [info]  [ 1012] Service started in 1820 milliseconds.
[2023-12-24 13:44:17] [info]  [11428] Console SHUTDOWN event signaled.
[2023-12-24 13:44:17] [info]  [11428] Stopping service...
[2023-12-24 13:44:18] [info]  [11428] Service stop thread completed.
[2023-12-24 13:44:18] [info]  [10256] Run service finished.
[2023-12-24 13:44:18] [info]  [10256] Apache Commons Daemon procrun finished.
[2023-12-24 13:47:06] [info]  [ 6932] Apache Commons Daemon procrun (1.3.4.0 64-bit) started.
[2023-12-24 13:47:06] [info]  [ 6932] Running Service 'Tomcat10'...
[2023-12-24 13:47:06] [info]  [ 7484] Starting service...
[2023-12-24 13:47:08] [info]  [ 7484] Service started in 1731 milliseconds.
[2023-12-24 18:18:05] [info]  [ 6932] Service SERVICE_CONTROL_STOP signalled.
[2023-12-24 18:18:05] [info]  [ 3804] Stopping service...
[2023-12-24 18:18:06] [info]  [ 3804] Service stop thread completed.
[2023-12-24 18:18:06] [info]  [ 6932] Run service finished.
[2023-12-24 18:18:06] [info]  [ 6932] Apache Commons Daemon procrun finished.
[2023-12-24 18:49:17] [info]  [14952] Apache Commons Daemon procrun (1.3.4.0 64-bit) started.
[2023-12-24 18:49:17] [info]  [14952] Running Service 'Tomcat10'...
[2023-12-24 18:49:17] [info]  [12752] Starting service...
[2023-12-24 18:49:18] [info]  [12752] Service started in 1187 milliseconds.
[2023-12-24 19:50:25] [info]  [14952] Service SERVICE_CONTROL_STOP signalled.
[2023-12-24 19:50:26] [info]  [ 1484] Stopping service...
[2023-12-24 19:50:27] [info]  [ 1484] Service stop thread completed.
[2023-12-24 19:50:27] [info]  [14952] Run service finished.
[2023-12-24 19:50:27] [info]  [14952] Apache Commons Daemon procrun finished.
[2023-12-24 22:03:38] [info]  [ 3100] Apache Commons Daemon procrun (1.3.4.0 64-bit) started.
[2023-12-24 22:03:38] [info]  [ 3100] Running Service 'Tomcat10'...
[2023-12-24 22:03:38] [info]  [ 8264] Starting service...
[2023-12-24 22:03:40] [info]  [ 8264] Service started in 1272 milliseconds.
[2023-12-24 22:47:55] [info]  [ 3100] Service SERVICE_CONTROL_STOP signalled.
[2023-12-24 22:47:55] [info]  [13844] Stopping service...
[2023-12-24 22:47:56] [info]  [13844] Service stop thread completed.
[2023-12-24 22:47:56] [info]  [ 3100] Run service finished.
[2023-12-24 22:47:56] [info]  [ 3100] Apache Commons Daemon procrun finished.
