[2023-12-03 13:06:06] [info]  [20440] Apache Commons Daemon procrun (1.3.4.0 64-bit) started.
[2023-12-03 13:06:06] [info]  [20440] Running Service 'Tomcat10'...
[2023-12-03 13:06:06] [info]  [15744] Starting service...
[2023-12-03 13:06:08] [info]  [15744] Service started in 1627 milliseconds.
[2023-12-03 16:39:08] [info]  [20440] Service SERVICE_CONTROL_STOP signalled.
[2023-12-03 16:39:08] [info]  [ 6612] Stopping service...
[2023-12-03 16:39:16] [info]  [ 6612] Service stop thread completed.
[2023-12-03 16:39:16] [info]  [20440] Run service finished.
[2023-12-03 16:39:16] [info]  [20440] Apache Commons Daemon procrun finished.
[2023-12-03 16:39:18] [info]  [ 9400] Apache Commons Daemon procrun (1.3.4.0 64-bit) started.
[2023-12-03 16:39:18] [info]  [ 9400] Running Service 'Tomcat10'...
[2023-12-03 16:39:18] [info]  [14900] Starting service...
[2023-12-03 16:39:18] [error] [14900] Invalid JVM DLL handle.
[2023-12-03 16:39:18] [error] [14900] 지정된 모듈을 찾을 수 없습니다.
[2023-12-03 16:39:18] [error] [14900] 지정된 모듈을 찾을 수 없습니다.
[2023-12-03 16:39:18] [error] [14900] Failed to load JVM DLL '(null)', home '(null)'.
[2023-12-03 16:39:18] [error] [14900] 지정된 모듈을 찾을 수 없습니다.
[2023-12-03 16:39:18] [error] [14900] Failed creating Java '(null)'.
[2023-12-03 16:39:18] [error] [14900] 지정된 모듈을 찾을 수 없습니다.
[2023-12-03 16:39:18] [error] [14900] ServiceStart returned 1.
[2023-12-03 16:39:18] [error] [14900] 지정된 모듈을 찾을 수 없습니다.
[2023-12-03 16:39:18] [info]  [ 9400] Run service finished.
[2023-12-03 16:39:18] [info]  [ 9400] Apache Commons Daemon procrun finished.
[2023-12-03 16:39:26] [info]  [18948] Apache Commons Daemon procrun (1.3.4.0 64-bit) started.
[2023-12-03 16:39:26] [info]  [18948] Running Service 'Tomcat10'...
[2023-12-03 16:39:26] [info]  [20484] Starting service...
[2023-12-03 16:39:26] [error] [20484] Invalid JVM DLL handle.
[2023-12-03 16:39:26] [error] [20484] 지정된 모듈을 찾을 수 없습니다.
[2023-12-03 16:39:26] [error] [20484] 지정된 모듈을 찾을 수 없습니다.
[2023-12-03 16:39:26] [error] [20484] Failed to load JVM DLL '(null)', home '(null)'.
[2023-12-03 16:39:26] [error] [20484] 지정된 모듈을 찾을 수 없습니다.
[2023-12-03 16:39:26] [error] [20484] Failed creating Java '(null)'.
[2023-12-03 16:39:26] [error] [20484] 지정된 모듈을 찾을 수 없습니다.
[2023-12-03 16:39:26] [error] [20484] ServiceStart returned 1.
[2023-12-03 16:39:26] [error] [20484] 지정된 모듈을 찾을 수 없습니다.
[2023-12-03 16:39:26] [info]  [18948] Run service finished.
[2023-12-03 16:39:26] [info]  [18948] Apache Commons Daemon procrun finished.
[2023-12-03 16:39:42] [info]  [19940] Apache Commons Daemon procrun (1.3.4.0 64-bit) started.
[2023-12-03 16:39:42] [info]  [19940] Running Service 'Tomcat10'...
[2023-12-03 16:39:42] [info]  [15188] Starting service...
[2023-12-03 16:39:42] [error] [15188] Invalid JVM DLL handle.
[2023-12-03 16:39:42] [error] [15188] 지정된 모듈을 찾을 수 없습니다.
[2023-12-03 16:39:42] [error] [15188] 지정된 모듈을 찾을 수 없습니다.
[2023-12-03 16:39:42] [error] [15188] Failed to load JVM DLL '(null)', home '(null)'.
[2023-12-03 16:39:42] [error] [15188] 지정된 모듈을 찾을 수 없습니다.
[2023-12-03 16:39:42] [error] [15188] Failed creating Java '(null)'.
[2023-12-03 16:39:42] [error] [15188] 지정된 모듈을 찾을 수 없습니다.
[2023-12-03 16:39:42] [error] [15188] ServiceStart returned 1.
[2023-12-03 16:39:42] [error] [15188] 지정된 모듈을 찾을 수 없습니다.
[2023-12-03 16:39:42] [info]  [19940] Run service finished.
[2023-12-03 16:39:42] [info]  [19940] Apache Commons Daemon procrun finished.
[2023-12-03 16:39:58] [info]  [ 7460] Apache Commons Daemon procrun (1.3.4.0 64-bit) started.
[2023-12-03 16:39:58] [info]  [ 7460] Running Service 'Tomcat10'...
[2023-12-03 16:39:58] [info]  [15072] Starting service...
[2023-12-03 16:39:58] [error] [15072] Invalid JVM DLL handle.
[2023-12-03 16:39:58] [error] [15072] 지정된 모듈을 찾을 수 없습니다.
[2023-12-03 16:39:58] [error] [15072] 지정된 모듈을 찾을 수 없습니다.
[2023-12-03 16:39:58] [error] [15072] Failed to load JVM DLL '(null)', home '(null)'.
[2023-12-03 16:39:58] [error] [15072] 지정된 모듈을 찾을 수 없습니다.
[2023-12-03 16:39:58] [error] [15072] Failed creating Java '(null)'.
[2023-12-03 16:39:58] [error] [15072] 지정된 모듈을 찾을 수 없습니다.
[2023-12-03 16:39:58] [error] [15072] ServiceStart returned 1.
[2023-12-03 16:39:58] [error] [15072] 지정된 모듈을 찾을 수 없습니다.
[2023-12-03 16:39:58] [info]  [ 7460] Run service finished.
[2023-12-03 16:39:58] [info]  [ 7460] Apache Commons Daemon procrun finished.
[2023-12-03 16:40:08] [info]  [18068] Apache Commons Daemon procrun (1.3.4.0 64-bit) started.
[2023-12-03 16:40:08] [info]  [18068] Running Service 'Tomcat10'...
[2023-12-03 16:40:08] [info]  [13580] Starting service...
[2023-12-03 16:40:08] [error] [13580] Invalid JVM DLL handle.
[2023-12-03 16:40:08] [error] [13580] 지정된 모듈을 찾을 수 없습니다.
[2023-12-03 16:40:08] [error] [13580] 지정된 모듈을 찾을 수 없습니다.
[2023-12-03 16:40:08] [error] [13580] Failed to load JVM DLL '(null)', home '(null)'.
[2023-12-03 16:40:08] [error] [13580] 지정된 모듈을 찾을 수 없습니다.
[2023-12-03 16:40:08] [error] [13580] Failed creating Java '(null)'.
[2023-12-03 16:40:08] [error] [13580] 지정된 모듈을 찾을 수 없습니다.
[2023-12-03 16:40:08] [error] [13580] ServiceStart returned 1.
[2023-12-03 16:40:08] [error] [13580] 지정된 모듈을 찾을 수 없습니다.
[2023-12-03 16:40:08] [info]  [18068] Run service finished.
[2023-12-03 16:40:08] [info]  [18068] Apache Commons Daemon procrun finished.
[2023-12-03 16:40:16] [info]  [ 6256] Apache Commons Daemon procrun (1.3.4.0 64-bit) started.
[2023-12-03 16:40:16] [info]  [ 6256] Running Service 'Tomcat10'...
[2023-12-03 16:40:16] [info]  [19288] Starting service...
[2023-12-03 16:40:16] [error] [19288] Invalid JVM DLL handle.
[2023-12-03 16:40:16] [error] [19288] 지정된 모듈을 찾을 수 없습니다.
[2023-12-03 16:40:16] [error] [19288] 지정된 모듈을 찾을 수 없습니다.
[2023-12-03 16:40:16] [error] [19288] Failed to load JVM DLL '(null)', home '(null)'.
[2023-12-03 16:40:16] [error] [19288] 지정된 모듈을 찾을 수 없습니다.
[2023-12-03 16:40:16] [error] [19288] Failed creating Java '(null)'.
[2023-12-03 16:40:16] [error] [19288] 지정된 모듈을 찾을 수 없습니다.
[2023-12-03 16:40:16] [error] [19288] ServiceStart returned 1.
[2023-12-03 16:40:16] [error] [19288] 지정된 모듈을 찾을 수 없습니다.
[2023-12-03 16:40:16] [info]  [ 6256] Run service finished.
[2023-12-03 16:40:16] [info]  [ 6256] Apache Commons Daemon procrun finished.
[2023-12-03 16:40:58] [info]  [ 3928] Apache Commons Daemon procrun (1.3.4.0 64-bit) started.
[2023-12-03 16:40:58] [info]  [ 3928] Running Service 'Tomcat10'...
[2023-12-03 16:40:58] [info]  [15464] Starting service...
[2023-12-03 16:40:58] [error] [15464] Invalid JVM DLL handle.
[2023-12-03 16:40:58] [error] [15464] 지정된 모듈을 찾을 수 없습니다.
[2023-12-03 16:40:58] [error] [15464] 지정된 모듈을 찾을 수 없습니다.
[2023-12-03 16:40:58] [error] [15464] Failed to load JVM DLL '(null)', home '(null)'.
[2023-12-03 16:40:58] [error] [15464] 지정된 모듈을 찾을 수 없습니다.
[2023-12-03 16:40:58] [error] [15464] Failed creating Java '(null)'.
[2023-12-03 16:40:58] [error] [15464] 지정된 모듈을 찾을 수 없습니다.
[2023-12-03 16:40:58] [error] [15464] ServiceStart returned 1.
[2023-12-03 16:40:58] [error] [15464] 지정된 모듈을 찾을 수 없습니다.
[2023-12-03 16:40:58] [info]  [ 3928] Run service finished.
[2023-12-03 16:40:58] [info]  [ 3928] Apache Commons Daemon procrun finished.
[2023-12-03 16:41:42] [info]  [15400] Apache Commons Daemon procrun (1.3.4.0 64-bit) started.
[2023-12-03 16:41:42] [info]  [15400] Running Service 'Tomcat10'...
[2023-12-03 16:41:42] [info]  [10924] Starting service...
[2023-12-03 16:41:42] [error] [10924] Invalid JVM DLL handle.
[2023-12-03 16:41:42] [error] [10924] 지정된 모듈을 찾을 수 없습니다.
[2023-12-03 16:41:42] [error] [10924] 지정된 모듈을 찾을 수 없습니다.
[2023-12-03 16:41:42] [error] [10924] Failed to load JVM DLL '(null)', home '(null)'.
[2023-12-03 16:41:42] [error] [10924] 지정된 모듈을 찾을 수 없습니다.
[2023-12-03 16:41:42] [error] [10924] Failed creating Java '(null)'.
[2023-12-03 16:41:42] [error] [10924] 지정된 모듈을 찾을 수 없습니다.
[2023-12-03 16:41:42] [error] [10924] ServiceStart returned 1.
[2023-12-03 16:41:42] [error] [10924] 지정된 모듈을 찾을 수 없습니다.
[2023-12-03 16:41:42] [info]  [15400] Run service finished.
[2023-12-03 16:41:42] [info]  [15400] Apache Commons Daemon procrun finished.
[2023-12-03 16:41:59] [info]  [ 4152] Apache Commons Daemon procrun (1.3.4.0 64-bit) started.
[2023-12-03 16:41:59] [info]  [ 4152] Running Service 'Tomcat10'...
[2023-12-03 16:41:59] [info]  [20008] Starting service...
[2023-12-03 16:41:59] [error] [20008] Invalid JVM DLL handle.
[2023-12-03 16:41:59] [error] [20008] 지정된 모듈을 찾을 수 없습니다.
[2023-12-03 16:41:59] [error] [20008] 지정된 모듈을 찾을 수 없습니다.
[2023-12-03 16:41:59] [error] [20008] Failed to load JVM DLL '(null)', home '(null)'.
[2023-12-03 16:41:59] [error] [20008] 지정된 모듈을 찾을 수 없습니다.
[2023-12-03 16:41:59] [error] [20008] Failed creating Java '(null)'.
[2023-12-03 16:41:59] [error] [20008] 지정된 모듈을 찾을 수 없습니다.
[2023-12-03 16:41:59] [error] [20008] ServiceStart returned 1.
[2023-12-03 16:41:59] [error] [20008] 지정된 모듈을 찾을 수 없습니다.
[2023-12-03 16:41:59] [info]  [ 4152] Run service finished.
[2023-12-03 16:41:59] [info]  [ 4152] Apache Commons Daemon procrun finished.
[2023-12-03 16:43:19] [info]  [13292] Apache Commons Daemon procrun (1.3.4.0 64-bit) started.
[2023-12-03 16:43:19] [info]  [13292] Running Service 'Tomcat10'...
[2023-12-03 16:43:19] [info]  [ 8684] Starting service...
[2023-12-03 16:43:19] [error] [ 8684] Invalid JVM DLL handle.
[2023-12-03 16:43:19] [error] [ 8684] 지정된 모듈을 찾을 수 없습니다.
[2023-12-03 16:43:19] [error] [ 8684] 지정된 모듈을 찾을 수 없습니다.
[2023-12-03 16:43:19] [error] [ 8684] Failed to load JVM DLL '(null)', home '(null)'.
[2023-12-03 16:43:19] [error] [ 8684] 지정된 모듈을 찾을 수 없습니다.
[2023-12-03 16:43:19] [error] [ 8684] Failed creating Java '(null)'.
[2023-12-03 16:43:19] [error] [ 8684] 지정된 모듈을 찾을 수 없습니다.
[2023-12-03 16:43:19] [error] [ 8684] ServiceStart returned 1.
[2023-12-03 16:43:19] [error] [ 8684] 지정된 모듈을 찾을 수 없습니다.
[2023-12-03 16:43:19] [info]  [13292] Run service finished.
[2023-12-03 16:43:19] [info]  [13292] Apache Commons Daemon procrun finished.
[2023-12-03 16:44:11] [info]  [12636] Apache Commons Daemon procrun (1.3.4.0 64-bit) started.
[2023-12-03 16:44:11] [info]  [12636] Running Service 'Tomcat10'...
[2023-12-03 16:44:11] [info]  [10424] Starting service...
[2023-12-03 16:44:11] [error] [10424] Invalid JVM DLL handle.
[2023-12-03 16:44:11] [error] [10424] 지정된 모듈을 찾을 수 없습니다.
[2023-12-03 16:44:11] [error] [10424] 지정된 모듈을 찾을 수 없습니다.
[2023-12-03 16:44:11] [error] [10424] Failed to load JVM DLL '(null)', home '(null)'.
[2023-12-03 16:44:11] [error] [10424] 지정된 모듈을 찾을 수 없습니다.
[2023-12-03 16:44:11] [error] [10424] Failed creating Java '(null)'.
[2023-12-03 16:44:11] [error] [10424] 지정된 모듈을 찾을 수 없습니다.
[2023-12-03 16:44:11] [error] [10424] ServiceStart returned 1.
[2023-12-03 16:44:11] [error] [10424] 지정된 모듈을 찾을 수 없습니다.
[2023-12-03 16:44:11] [info]  [12636] Run service finished.
[2023-12-03 16:44:11] [info]  [12636] Apache Commons Daemon procrun finished.
[2023-12-03 16:45:48] [info]  [ 7768] Apache Commons Daemon procrun (1.3.4.0 64-bit) started.
[2023-12-03 16:45:48] [info]  [ 7768] Running Service 'Tomcat10'...
[2023-12-03 16:45:48] [info]  [ 8296] Starting service...
[2023-12-03 16:45:50] [info]  [ 8296] Service started in 1756 milliseconds.
[2023-12-03 16:46:34] [info]  [ 7768] Service SERVICE_CONTROL_STOP signalled.
[2023-12-03 16:46:34] [info]  [ 5444] Stopping service...
[2023-12-03 16:46:35] [info]  [ 5444] Service stop thread completed.
[2023-12-03 16:46:35] [info]  [ 7768] Run service finished.
[2023-12-03 16:46:35] [info]  [ 7768] Apache Commons Daemon procrun finished.
[2023-12-03 16:46:44] [info]  [ 9096] Apache Commons Daemon procrun (1.3.4.0 64-bit) started.
[2023-12-03 16:46:44] [info]  [ 9096] Running Service 'Tomcat10'...
[2023-12-03 16:46:44] [info]  [11504] Starting service...
[2023-12-03 16:46:45] [info]  [11504] Service started in 1123 milliseconds.
