[2023-12-04 01:37:55] [info]  [ 3076] Apache Commons Daemon procrun (1.3.4.0 64-bit) started.
[2023-12-04 01:37:55] [info]  [ 3076] Running Service 'Tomcat10'...
[2023-12-04 01:37:55] [info]  [ 2808] Starting service...
[2023-12-04 01:37:57] [info]  [ 2808] Service started in 1681 milliseconds.
[2023-12-04 02:13:37] [info]  [ 3076] Service SERVICE_CONTROL_STOP signalled.
[2023-12-04 02:13:37] [info]  [ 9416] Stopping service...
[2023-12-04 02:13:38] [info]  [ 9416] Service stop thread completed.
[2023-12-04 02:13:38] [info]  [ 3076] Run service finished.
[2023-12-04 02:13:38] [info]  [ 3076] Apache Commons Daemon procrun finished.
[2023-12-04 02:13:46] [info]  [   84] Apache Commons Daemon procrun (1.3.4.0 64-bit) started.
[2023-12-04 02:13:46] [info]  [   84] Running Service 'Tomcat10'...
[2023-12-04 02:13:46] [info]  [ 8476] Starting service...
[2023-12-04 02:13:47] [info]  [ 8476] Service started in 1152 milliseconds.
[2023-12-04 09:03:40] [info]  [   84] Service SERVICE_CONTROL_STOP signalled.
[2023-12-04 09:03:40] [info]  [15524] Stopping service...
[2023-12-04 09:03:41] [info]  [15524] Service stop thread completed.
[2023-12-04 09:03:41] [info]  [   84] Run service finished.
[2023-12-04 09:03:41] [info]  [   84] Apache Commons Daemon procrun finished.
[2023-12-04 10:44:47] [info]  [16608] Apache Commons Daemon procrun (1.3.4.0 64-bit) started.
[2023-12-04 10:44:47] [info]  [16608] Running Service 'Tomcat10'...
[2023-12-04 10:44:47] [info]  [16664] Starting service...
[2023-12-04 10:44:49] [info]  [16664] Service started in 1709 milliseconds.
[2023-12-04 19:13:55] [info]  [ 9948] Apache Commons Daemon procrun (1.3.4.0 64-bit) started.
[2023-12-04 19:13:55] [info]  [ 9948] Running Service 'Tomcat10'...
[2023-12-04 19:13:55] [info]  [10908] Starting service...
[2023-12-04 19:13:56] [info]  [10908] Service started in 1479 milliseconds.
[2023-12-04 19:16:58] [info]  [ 9948] Service SERVICE_CONTROL_STOP signalled.
[2023-12-04 19:16:58] [info]  [ 5756] Stopping service...
[2023-12-04 19:16:59] [info]  [ 5756] Service stop thread completed.
[2023-12-04 19:16:59] [info]  [ 9948] Run service finished.
[2023-12-04 19:16:59] [info]  [ 9948] Apache Commons Daemon procrun finished.
[2023-12-04 19:19:18] [info]  [11336] Apache Commons Daemon procrun (1.3.4.0 64-bit) started.
[2023-12-04 19:19:18] [info]  [11336] Running Service 'Tomcat10'...
[2023-12-04 19:19:18] [info]  [ 6740] Starting service...
[2023-12-04 19:19:20] [info]  [ 6740] Service started in 1863 milliseconds.
[2023-12-04 22:43:25] [info]  [12452] Apache Commons Daemon procrun (1.3.4.0 64-bit) started.
[2023-12-04 22:43:25] [info]  [12452] Running Service 'Tomcat10'...
[2023-12-04 22:43:25] [info]  [ 4500] Starting service...
[2023-12-04 22:43:27] [info]  [ 4500] Service started in 1661 milliseconds.
[2023-12-05 10:02:34] [info]  [12452] Service SERVICE_CONTROL_STOP signalled.
[2023-12-05 10:02:34] [info]  [ 7812] Stopping service...
[2023-12-05 10:02:35] [info]  [ 7812] Service stop thread completed.
[2023-12-05 10:02:35] [info]  [12452] Run service finished.
[2023-12-05 10:02:35] [info]  [12452] Apache Commons Daemon procrun finished.
