
2023-12-03 13:06:06 Apache Commons Daemon procrun stderr initialized.
03-Dec-2023 13:06:07.633 INFO [main] org.apache.catalina.startup.VersionLoggerListener.log 서버 버전 이름:    Apache Tomcat/10.1.16
03-Dec-2023 13:06:07.641 INFO [main] org.apache.catalina.startup.VersionLoggerListener.log Server 빌드 시각:  Nov 10 2023 16:17:33 UTC
03-Dec-2023 13:06:07.641 INFO [main] org.apache.catalina.startup.VersionLoggerListener.log Server 버전 번호:  10.1.16.0
03-Dec-2023 13:06:07.641 INFO [main] org.apache.catalina.startup.VersionLoggerListener.log 운영체제 이름:     Windows 10
03-Dec-2023 13:06:07.641 INFO [main] org.apache.catalina.startup.VersionLoggerListener.log 운영체제 버전:     10.0
03-Dec-2023 13:06:07.641 INFO [main] org.apache.catalina.startup.VersionLoggerListener.log 아키텍처:          amd64
03-Dec-2023 13:06:07.641 INFO [main] org.apache.catalina.startup.VersionLoggerListener.log 자바 홈:           C:\Program Files\Java\jdk-21
03-Dec-2023 13:06:07.641 INFO [main] org.apache.catalina.startup.VersionLoggerListener.log JVM 버전:          21.0.1+12-LTS-29
03-Dec-2023 13:06:07.641 INFO [main] org.apache.catalina.startup.VersionLoggerListener.log JVM 벤더:          Oracle Corporation
03-Dec-2023 13:06:07.641 INFO [main] org.apache.catalina.startup.VersionLoggerListener.log CATALINA_BASE:     D:\JSP\apache-tomcat-10.1.16
03-Dec-2023 13:06:07.641 INFO [main] org.apache.catalina.startup.VersionLoggerListener.log CATALINA_HOME:     D:\JSP\apache-tomcat-10.1.16
03-Dec-2023 13:06:07.736 INFO [main] org.apache.catalina.startup.VersionLoggerListener.log 명령 행 아규먼트:  -Dcatalina.home=D:\JSP\apache-tomcat-10.1.16
03-Dec-2023 13:06:07.736 INFO [main] org.apache.catalina.startup.VersionLoggerListener.log 명령 행 아규먼트:  -Dcatalina.base=D:\JSP\apache-tomcat-10.1.16
03-Dec-2023 13:06:07.736 INFO [main] org.apache.catalina.startup.VersionLoggerListener.log 명령 행 아규먼트:  -Djava.io.tmpdir=D:\JSP\apache-tomcat-10.1.16\temp
03-Dec-2023 13:06:07.736 INFO [main] org.apache.catalina.startup.VersionLoggerListener.log 명령 행 아규먼트:  -Djava.util.logging.manager=org.apache.juli.ClassLoaderLogManager
03-Dec-2023 13:06:07.736 INFO [main] org.apache.catalina.startup.VersionLoggerListener.log 명령 행 아규먼트:  -Djava.util.logging.config.file=D:\JSP\apache-tomcat-10.1.16\conf\logging.properties
03-Dec-2023 13:06:07.736 INFO [main] org.apache.catalina.startup.VersionLoggerListener.log 명령 행 아규먼트:  --add-opens=java.base/java.lang=ALL-UNNAMED
03-Dec-2023 13:06:07.736 INFO [main] org.apache.catalina.startup.VersionLoggerListener.log 명령 행 아규먼트:  --add-opens=java.base/java.io=ALL-UNNAMED
03-Dec-2023 13:06:07.736 INFO [main] org.apache.catalina.startup.VersionLoggerListener.log 명령 행 아규먼트:  --add-opens=java.base/java.util=ALL-UNNAMED
03-Dec-2023 13:06:07.736 INFO [main] org.apache.catalina.startup.VersionLoggerListener.log 명령 행 아규먼트:  --add-opens=java.base/java.util.concurrent=ALL-UNNAMED
03-Dec-2023 13:06:07.736 INFO [main] org.apache.catalina.startup.VersionLoggerListener.log 명령 행 아규먼트:  --add-opens=java.rmi/sun.rmi.transport=ALL-UNNAMED
03-Dec-2023 13:06:07.736 INFO [main] org.apache.catalina.startup.VersionLoggerListener.log 명령 행 아규먼트:  exit
03-Dec-2023 13:06:07.736 INFO [main] org.apache.catalina.startup.VersionLoggerListener.log 명령 행 아규먼트:  abort
03-Dec-2023 13:06:07.736 INFO [main] org.apache.catalina.startup.VersionLoggerListener.log 명령 행 아규먼트:  -Xms128m
03-Dec-2023 13:06:07.736 INFO [main] org.apache.catalina.startup.VersionLoggerListener.log 명령 행 아규먼트:  -Xmx256m
03-Dec-2023 13:06:07.742 INFO [main] org.apache.catalina.core.AprLifecycleListener.lifecycleEvent APR 버전 [1.7.4]을(를) 사용한, APR 기반 Apache Tomcat Native 라이브러리 [2.0.6]을(를) 로드했습니다.
03-Dec-2023 13:06:07.749 INFO [main] org.apache.catalina.core.AprLifecycleListener.initializeSSL OpenSSL이 성공적으로 초기화되었습니다: [OpenSSL 3.0.11 19 Sep 2023]
03-Dec-2023 13:06:08.137 INFO [main] org.apache.coyote.AbstractProtocol.init 프로토콜 핸들러 ["http-nio-8080"]을(를) 초기화합니다.
03-Dec-2023 13:06:08.189 INFO [main] org.apache.catalina.startup.Catalina.load [855] 밀리초 내에 서버가 초기화되었습니다.
03-Dec-2023 13:06:08.245 INFO [main] org.apache.catalina.core.StandardService.startInternal 서비스 [Catalina]을(를) 시작합니다.
03-Dec-2023 13:06:08.245 INFO [main] org.apache.catalina.core.StandardEngine.startInternal 서버 엔진을 시작합니다: [Apache Tomcat/10.1.16]
03-Dec-2023 13:06:08.261 INFO [main] org.apache.catalina.startup.HostConfig.deployDirectory 웹 애플리케이션 디렉토리 [D:\JSP\apache-tomcat-10.1.16\webapps\docs]을(를) 배치합니다.
03-Dec-2023 13:06:08.760 INFO [main] org.apache.catalina.startup.HostConfig.deployDirectory 웹 애플리케이션 디렉토리 [D:\JSP\apache-tomcat-10.1.16\webapps\docs]에 대한 배치가 [499] 밀리초에 완료되었습니다.
03-Dec-2023 13:06:08.760 INFO [main] org.apache.catalina.startup.HostConfig.deployDirectory 웹 애플리케이션 디렉토리 [D:\JSP\apache-tomcat-10.1.16\webapps\examples]을(를) 배치합니다.
03-Dec-2023 13:06:09.165 INFO [main] org.apache.catalina.startup.HostConfig.deployDirectory 웹 애플리케이션 디렉토리 [D:\JSP\apache-tomcat-10.1.16\webapps\examples]에 대한 배치가 [405] 밀리초에 완료되었습니다.
03-Dec-2023 13:06:09.165 INFO [main] org.apache.catalina.startup.HostConfig.deployDirectory 웹 애플리케이션 디렉토리 [D:\JSP\apache-tomcat-10.1.16\webapps\host-manager]을(를) 배치합니다.
03-Dec-2023 13:06:09.213 INFO [main] org.apache.catalina.startup.HostConfig.deployDirectory 웹 애플리케이션 디렉토리 [D:\JSP\apache-tomcat-10.1.16\webapps\host-manager]에 대한 배치가 [48] 밀리초에 완료되었습니다.
03-Dec-2023 13:06:09.213 INFO [main] org.apache.catalina.startup.HostConfig.deployDirectory 웹 애플리케이션 디렉토리 [D:\JSP\apache-tomcat-10.1.16\webapps\manager]을(를) 배치합니다.
03-Dec-2023 13:06:09.246 INFO [main] org.apache.catalina.startup.HostConfig.deployDirectory 웹 애플리케이션 디렉토리 [D:\JSP\apache-tomcat-10.1.16\webapps\manager]에 대한 배치가 [33] 밀리초에 완료되었습니다.
03-Dec-2023 13:06:09.246 INFO [main] org.apache.catalina.startup.HostConfig.deployDirectory 웹 애플리케이션 디렉토리 [D:\JSP\apache-tomcat-10.1.16\webapps\ROOT]을(를) 배치합니다.
03-Dec-2023 13:06:09.269 INFO [main] org.apache.catalina.startup.HostConfig.deployDirectory 웹 애플리케이션 디렉토리 [D:\JSP\apache-tomcat-10.1.16\webapps\ROOT]에 대한 배치가 [23] 밀리초에 완료되었습니다.
03-Dec-2023 13:06:09.279 INFO [main] org.apache.coyote.AbstractProtocol.start 프로토콜 핸들러 ["http-nio-8080"]을(를) 시작합니다.
03-Dec-2023 13:06:09.339 INFO [main] org.apache.catalina.startup.Catalina.start 서버가 [1151] 밀리초 내에 시작되었습니다.
03-Dec-2023 16:39:08.196 INFO [Thread-2] org.apache.coyote.AbstractProtocol.pause 프로토콜 핸들러 ["http-nio-8080"]을(를) 일시 정지 중
03-Dec-2023 16:39:08.209 INFO [Thread-2] org.apache.catalina.core.StandardService.stopInternal 서비스 [Catalina]을(를) 중지시킵니다.
03-Dec-2023 16:39:08.211 INFO [Thread-2] org.apache.catalina.core.StandardWrapper.unload 서블릿 [jsp]을(를) 위해, [11]개의 인스턴스(들)이 할당 해제되기를 기다립니다.
03-Dec-2023 16:39:09.450 INFO [Thread-2] org.apache.catalina.core.StandardWrapper.unload 서블릿 [jsp]을(를) 위해, [11]개의 인스턴스(들)이 할당 해제되기를 기다립니다.
03-Dec-2023 16:39:10.659 INFO [Thread-2] org.apache.catalina.core.StandardWrapper.unload 서블릿 [jsp]을(를) 위해, [11]개의 인스턴스(들)이 할당 해제되기를 기다립니다.
03-Dec-2023 16:39:10.821 WARNING [Thread-2] org.apache.catalina.loader.WebappClassLoaderBase.clearReferencesThreads 웹 애플리케이션 [ROOT]이(가) 여전히 완료되지 않은 요청을 처리하고 있습니다. 이는 메모리 누수를 유발할 가능성이 높습니다. 표준 컨텍스트 구현의 unloadDelay 속성을 이용하여, 요청 완료 허용 시간을 통제할 수 있습니다. 요청 처리 쓰레드의 스택 트레이스:[
 org.apache.jsp.jsp09_002d1_jsp._jspService(jsp09_002d1_jsp.java:127)
 org.apache.jasper.runtime.HttpJspBase.service(HttpJspBase.java:70)
 jakarta.servlet.http.HttpServlet.service(HttpServlet.java:658)
 org.apache.jasper.servlet.JspServletWrapper.service(JspServletWrapper.java:456)
 org.apache.jasper.servlet.JspServlet.serviceJspFile(JspServlet.java:380)
 org.apache.jasper.servlet.JspServlet.service(JspServlet.java:328)
 jakarta.servlet.http.HttpServlet.service(HttpServlet.java:658)
 org.apache.catalina.core.ApplicationFilterChain.internalDoFilter(ApplicationFilterChain.java:205)
 org.apache.catalina.core.ApplicationFilterChain.doFilter(ApplicationFilterChain.java:149)
 org.apache.tomcat.websocket.server.WsFilter.doFilter(WsFilter.java:51)
 org.apache.catalina.core.ApplicationFilterChain.internalDoFilter(ApplicationFilterChain.java:174)
 org.apache.catalina.core.ApplicationFilterChain.doFilter(ApplicationFilterChain.java:149)
 org.apache.catalina.core.StandardWrapperValve.invoke(StandardWrapperValve.java:167)
 org.apache.catalina.core.StandardContextValve.invoke(StandardContextValve.java:90)
 org.apache.catalina.authenticator.AuthenticatorBase.invoke(AuthenticatorBase.java:482)
 org.apache.catalina.core.StandardHostValve.invoke(StandardHostValve.java:115)
 org.apache.catalina.valves.ErrorReportValve.invoke(ErrorReportValve.java:93)
 org.apache.catalina.valves.AbstractAccessLogValve.invoke(AbstractAccessLogValve.java:673)
 org.apache.catalina.core.StandardEngineValve.invoke(StandardEngineValve.java:74)
 org.apache.catalina.connector.CoyoteAdapter.service(CoyoteAdapter.java:340)
 org.apache.coyote.http11.Http11Processor.service(Http11Processor.java:391)
 org.apache.coyote.AbstractProcessorLight.process(AbstractProcessorLight.java:63)
 org.apache.coyote.AbstractProtocol$ConnectionHandler.process(AbstractProtocol.java:896)
 org.apache.tomcat.util.net.NioEndpoint$SocketProcessor.doRun(NioEndpoint.java:1744)
 org.apache.tomcat.util.net.SocketProcessorBase.run(SocketProcessorBase.java:52)
 org.apache.tomcat.util.threads.ThreadPoolExecutor.runWorker(ThreadPoolExecutor.java:1191)
 org.apache.tomcat.util.threads.ThreadPoolExecutor$Worker.run(ThreadPoolExecutor.java:659)
 org.apache.tomcat.util.threads.TaskThread$WrappingRunnable.run(TaskThread.java:61)
 java.base/java.lang.Thread.run(Thread.java:1583)]
03-Dec-2023 16:39:10.822 WARNING [Thread-2] org.apache.catalina.loader.WebappClassLoaderBase.clearReferencesThreads 웹 애플리케이션 [ROOT]이(가) 여전히 완료되지 않은 요청을 처리하고 있습니다. 이는 메모리 누수를 유발할 가능성이 높습니다. 표준 컨텍스트 구현의 unloadDelay 속성을 이용하여, 요청 완료 허용 시간을 통제할 수 있습니다. 요청 처리 쓰레드의 스택 트레이스:[
 org.apache.jsp.jsp09_002d1_jsp._jspService(jsp09_002d1_jsp.java:127)
 org.apache.jasper.runtime.HttpJspBase.service(HttpJspBase.java:70)
 jakarta.servlet.http.HttpServlet.service(HttpServlet.java:658)
 org.apache.jasper.servlet.JspServletWrapper.service(JspServletWrapper.java:456)
 org.apache.jasper.servlet.JspServlet.serviceJspFile(JspServlet.java:380)
 org.apache.jasper.servlet.JspServlet.service(JspServlet.java:328)
 jakarta.servlet.http.HttpServlet.service(HttpServlet.java:658)
 org.apache.catalina.core.ApplicationFilterChain.internalDoFilter(ApplicationFilterChain.java:205)
 org.apache.catalina.core.ApplicationFilterChain.doFilter(ApplicationFilterChain.java:149)
 org.apache.tomcat.websocket.server.WsFilter.doFilter(WsFilter.java:51)
 org.apache.catalina.core.ApplicationFilterChain.internalDoFilter(ApplicationFilterChain.java:174)
 org.apache.catalina.core.ApplicationFilterChain.doFilter(ApplicationFilterChain.java:149)
 org.apache.catalina.core.StandardWrapperValve.invoke(StandardWrapperValve.java:167)
 org.apache.catalina.core.StandardContextValve.invoke(StandardContextValve.java:90)
 org.apache.catalina.authenticator.AuthenticatorBase.invoke(AuthenticatorBase.java:482)
 org.apache.catalina.core.StandardHostValve.invoke(StandardHostValve.java:115)
 org.apache.catalina.valves.ErrorReportValve.invoke(ErrorReportValve.java:93)
 org.apache.catalina.valves.AbstractAccessLogValve.invoke(AbstractAccessLogValve.java:673)
 org.apache.catalina.core.StandardEngineValve.invoke(StandardEngineValve.java:74)
 org.apache.catalina.connector.CoyoteAdapter.service(CoyoteAdapter.java:340)
 org.apache.coyote.http11.Http11Processor.service(Http11Processor.java:391)
 org.apache.coyote.AbstractProcessorLight.process(AbstractProcessorLight.java:63)
 org.apache.coyote.AbstractProtocol$ConnectionHandler.process(AbstractProtocol.java:896)
 org.apache.tomcat.util.net.NioEndpoint$SocketProcessor.doRun(NioEndpoint.java:1744)
 org.apache.tomcat.util.net.SocketProcessorBase.run(SocketProcessorBase.java:52)
 org.apache.tomcat.util.threads.ThreadPoolExecutor.runWorker(ThreadPoolExecutor.java:1191)
 org.apache.tomcat.util.threads.ThreadPoolExecutor$Worker.run(ThreadPoolExecutor.java:659)
 org.apache.tomcat.util.threads.TaskThread$WrappingRunnable.run(TaskThread.java:61)
 java.base/java.lang.Thread.run(Thread.java:1583)]
03-Dec-2023 16:39:10.833 WARNING [Thread-2] org.apache.catalina.loader.WebappClassLoaderBase.clearReferencesThreads 웹 애플리케이션 [ROOT]이(가) 여전히 완료되지 않은 요청을 처리하고 있습니다. 이는 메모리 누수를 유발할 가능성이 높습니다. 표준 컨텍스트 구현의 unloadDelay 속성을 이용하여, 요청 완료 허용 시간을 통제할 수 있습니다. 요청 처리 쓰레드의 스택 트레이스:[
 org.apache.jsp.jsp09_002d1_jsp._jspService(jsp09_002d1_jsp.java:127)
 org.apache.jasper.runtime.HttpJspBase.service(HttpJspBase.java:70)
 jakarta.servlet.http.HttpServlet.service(HttpServlet.java:658)
 org.apache.jasper.servlet.JspServletWrapper.service(JspServletWrapper.java:456)
 org.apache.jasper.servlet.JspServlet.serviceJspFile(JspServlet.java:380)
 org.apache.jasper.servlet.JspServlet.service(JspServlet.java:328)
 jakarta.servlet.http.HttpServlet.service(HttpServlet.java:658)
 org.apache.catalina.core.ApplicationFilterChain.internalDoFilter(ApplicationFilterChain.java:205)
 org.apache.catalina.core.ApplicationFilterChain.doFilter(ApplicationFilterChain.java:149)
 org.apache.tomcat.websocket.server.WsFilter.doFilter(WsFilter.java:51)
 org.apache.catalina.core.ApplicationFilterChain.internalDoFilter(ApplicationFilterChain.java:174)
 org.apache.catalina.core.ApplicationFilterChain.doFilter(ApplicationFilterChain.java:149)
 org.apache.catalina.core.StandardWrapperValve.invoke(StandardWrapperValve.java:167)
 org.apache.catalina.core.StandardContextValve.invoke(StandardContextValve.java:90)
 org.apache.catalina.authenticator.AuthenticatorBase.invoke(AuthenticatorBase.java:482)
 org.apache.catalina.core.StandardHostValve.invoke(StandardHostValve.java:115)
 org.apache.catalina.valves.ErrorReportValve.invoke(ErrorReportValve.java:93)
 org.apache.catalina.valves.AbstractAccessLogValve.invoke(AbstractAccessLogValve.java:673)
 org.apache.catalina.core.StandardEngineValve.invoke(StandardEngineValve.java:74)
 org.apache.catalina.connector.CoyoteAdapter.service(CoyoteAdapter.java:340)
 org.apache.coyote.http11.Http11Processor.service(Http11Processor.java:391)
 org.apache.coyote.AbstractProcessorLight.process(AbstractProcessorLight.java:63)
 org.apache.coyote.AbstractProtocol$ConnectionHandler.process(AbstractProtocol.java:896)
 org.apache.tomcat.util.net.NioEndpoint$SocketProcessor.doRun(NioEndpoint.java:1744)
 org.apache.tomcat.util.net.SocketProcessorBase.run(SocketProcessorBase.java:52)
 org.apache.tomcat.util.threads.ThreadPoolExecutor.runWorker(ThreadPoolExecutor.java:1191)
 org.apache.tomcat.util.threads.ThreadPoolExecutor$Worker.run(ThreadPoolExecutor.java:659)
 org.apache.tomcat.util.threads.TaskThread$WrappingRunnable.run(TaskThread.java:61)
 java.base/java.lang.Thread.run(Thread.java:1583)]
03-Dec-2023 16:39:10.854 WARNING [Thread-2] org.apache.catalina.loader.WebappClassLoaderBase.clearReferencesThreads 웹 애플리케이션 [ROOT]이(가) 여전히 완료되지 않은 요청을 처리하고 있습니다. 이는 메모리 누수를 유발할 가능성이 높습니다. 표준 컨텍스트 구현의 unloadDelay 속성을 이용하여, 요청 완료 허용 시간을 통제할 수 있습니다. 요청 처리 쓰레드의 스택 트레이스:[
 org.apache.jsp.jsp09_002d1_jsp._jspService(jsp09_002d1_jsp.java:127)
 org.apache.jasper.runtime.HttpJspBase.service(HttpJspBase.java:70)
 jakarta.servlet.http.HttpServlet.service(HttpServlet.java:658)
 org.apache.jasper.servlet.JspServletWrapper.service(JspServletWrapper.java:456)
 org.apache.jasper.servlet.JspServlet.serviceJspFile(JspServlet.java:380)
 org.apache.jasper.servlet.JspServlet.service(JspServlet.java:328)
 jakarta.servlet.http.HttpServlet.service(HttpServlet.java:658)
 org.apache.catalina.core.ApplicationFilterChain.internalDoFilter(ApplicationFilterChain.java:205)
 org.apache.catalina.core.ApplicationFilterChain.doFilter(ApplicationFilterChain.java:149)
 org.apache.tomcat.websocket.server.WsFilter.doFilter(WsFilter.java:51)
 org.apache.catalina.core.ApplicationFilterChain.internalDoFilter(ApplicationFilterChain.java:174)
 org.apache.catalina.core.ApplicationFilterChain.doFilter(ApplicationFilterChain.java:149)
 org.apache.catalina.core.StandardWrapperValve.invoke(StandardWrapperValve.java:167)
 org.apache.catalina.core.StandardContextValve.invoke(StandardContextValve.java:90)
 org.apache.catalina.authenticator.AuthenticatorBase.invoke(AuthenticatorBase.java:482)
 org.apache.catalina.core.StandardHostValve.invoke(StandardHostValve.java:115)
 org.apache.catalina.valves.ErrorReportValve.invoke(ErrorReportValve.java:93)
 org.apache.catalina.valves.AbstractAccessLogValve.invoke(AbstractAccessLogValve.java:673)
 org.apache.catalina.core.StandardEngineValve.invoke(StandardEngineValve.java:74)
 org.apache.catalina.connector.CoyoteAdapter.service(CoyoteAdapter.java:340)
 org.apache.coyote.http11.Http11Processor.service(Http11Processor.java:391)
 org.apache.coyote.AbstractProcessorLight.process(AbstractProcessorLight.java:63)
 org.apache.coyote.AbstractProtocol$ConnectionHandler.process(AbstractProtocol.java:896)
 org.apache.tomcat.util.net.NioEndpoint$SocketProcessor.doRun(NioEndpoint.java:1744)
 org.apache.tomcat.util.net.SocketProcessorBase.run(SocketProcessorBase.java:52)
 org.apache.tomcat.util.threads.ThreadPoolExecutor.runWorker(ThreadPoolExecutor.java:1191)
 org.apache.tomcat.util.threads.ThreadPoolExecutor$Worker.run(ThreadPoolExecutor.java:659)
 org.apache.tomcat.util.threads.TaskThread$WrappingRunnable.run(TaskThread.java:61)
 java.base/java.lang.Thread.run(Thread.java:1583)]
03-Dec-2023 16:39:10.866 WARNING [Thread-2] org.apache.catalina.loader.WebappClassLoaderBase.clearReferencesThreads 웹 애플리케이션 [ROOT]이(가) 여전히 완료되지 않은 요청을 처리하고 있습니다. 이는 메모리 누수를 유발할 가능성이 높습니다. 표준 컨텍스트 구현의 unloadDelay 속성을 이용하여, 요청 완료 허용 시간을 통제할 수 있습니다. 요청 처리 쓰레드의 스택 트레이스:[
 org.apache.jsp.jsp09_002d1_jsp._jspService(jsp09_002d1_jsp.java:127)
 org.apache.jasper.runtime.HttpJspBase.service(HttpJspBase.java:70)
 jakarta.servlet.http.HttpServlet.service(HttpServlet.java:658)
 org.apache.jasper.servlet.JspServletWrapper.service(JspServletWrapper.java:456)
 org.apache.jasper.servlet.JspServlet.serviceJspFile(JspServlet.java:380)
 org.apache.jasper.servlet.JspServlet.service(JspServlet.java:328)
 jakarta.servlet.http.HttpServlet.service(HttpServlet.java:658)
 org.apache.catalina.core.ApplicationFilterChain.internalDoFilter(ApplicationFilterChain.java:205)
 org.apache.catalina.core.ApplicationFilterChain.doFilter(ApplicationFilterChain.java:149)
 org.apache.tomcat.websocket.server.WsFilter.doFilter(WsFilter.java:51)
 org.apache.catalina.core.ApplicationFilterChain.internalDoFilter(ApplicationFilterChain.java:174)
 org.apache.catalina.core.ApplicationFilterChain.doFilter(ApplicationFilterChain.java:149)
 org.apache.catalina.core.StandardWrapperValve.invoke(StandardWrapperValve.java:167)
 org.apache.catalina.core.StandardContextValve.invoke(StandardContextValve.java:90)
 org.apache.catalina.authenticator.AuthenticatorBase.invoke(AuthenticatorBase.java:482)
 org.apache.catalina.core.StandardHostValve.invoke(StandardHostValve.java:115)
 org.apache.catalina.valves.ErrorReportValve.invoke(ErrorReportValve.java:93)
 org.apache.catalina.valves.AbstractAccessLogValve.invoke(AbstractAccessLogValve.java:673)
 org.apache.catalina.core.StandardEngineValve.invoke(StandardEngineValve.java:74)
 org.apache.catalina.connector.CoyoteAdapter.service(CoyoteAdapter.java:340)
 org.apache.coyote.http11.Http11Processor.service(Http11Processor.java:391)
 org.apache.coyote.AbstractProcessorLight.process(AbstractProcessorLight.java:63)
 org.apache.coyote.AbstractProtocol$ConnectionHandler.process(AbstractProtocol.java:896)
 org.apache.tomcat.util.net.NioEndpoint$SocketProcessor.doRun(NioEndpoint.java:1744)
 org.apache.tomcat.util.net.SocketProcessorBase.run(SocketProcessorBase.java:52)
 org.apache.tomcat.util.threads.ThreadPoolExecutor.runWorker(ThreadPoolExecutor.java:1191)
 org.apache.tomcat.util.threads.ThreadPoolExecutor$Worker.run(ThreadPoolExecutor.java:659)
 org.apache.tomcat.util.threads.TaskThread$WrappingRunnable.run(TaskThread.java:61)
 java.base/java.lang.Thread.run(Thread.java:1583)]
03-Dec-2023 16:39:10.885 WARNING [Thread-2] org.apache.catalina.loader.WebappClassLoaderBase.clearReferencesThreads 웹 애플리케이션 [ROOT]이(가) 여전히 완료되지 않은 요청을 처리하고 있습니다. 이는 메모리 누수를 유발할 가능성이 높습니다. 표준 컨텍스트 구현의 unloadDelay 속성을 이용하여, 요청 완료 허용 시간을 통제할 수 있습니다. 요청 처리 쓰레드의 스택 트레이스:[
 org.apache.jsp.jsp09_002d1_jsp._jspService(jsp09_002d1_jsp.java:126)
 org.apache.jasper.runtime.HttpJspBase.service(HttpJspBase.java:70)
 jakarta.servlet.http.HttpServlet.service(HttpServlet.java:658)
 org.apache.jasper.servlet.JspServletWrapper.service(JspServletWrapper.java:456)
 org.apache.jasper.servlet.JspServlet.serviceJspFile(JspServlet.java:380)
 org.apache.jasper.servlet.JspServlet.service(JspServlet.java:328)
 jakarta.servlet.http.HttpServlet.service(HttpServlet.java:658)
 org.apache.catalina.core.ApplicationFilterChain.internalDoFilter(ApplicationFilterChain.java:205)
 org.apache.catalina.core.ApplicationFilterChain.doFilter(ApplicationFilterChain.java:149)
 org.apache.tomcat.websocket.server.WsFilter.doFilter(WsFilter.java:51)
 org.apache.catalina.core.ApplicationFilterChain.internalDoFilter(ApplicationFilterChain.java:174)
 org.apache.catalina.core.ApplicationFilterChain.doFilter(ApplicationFilterChain.java:149)
 org.apache.catalina.core.StandardWrapperValve.invoke(StandardWrapperValve.java:167)
 org.apache.catalina.core.StandardContextValve.invoke(StandardContextValve.java:90)
 org.apache.catalina.authenticator.AuthenticatorBase.invoke(AuthenticatorBase.java:482)
 org.apache.catalina.core.StandardHostValve.invoke(StandardHostValve.java:115)
 org.apache.catalina.valves.ErrorReportValve.invoke(ErrorReportValve.java:93)
 org.apache.catalina.valves.AbstractAccessLogValve.invoke(AbstractAccessLogValve.java:673)
 org.apache.catalina.core.StandardEngineValve.invoke(StandardEngineValve.java:74)
 org.apache.catalina.connector.CoyoteAdapter.service(CoyoteAdapter.java:340)
 org.apache.coyote.http11.Http11Processor.service(Http11Processor.java:391)
 org.apache.coyote.AbstractProcessorLight.process(AbstractProcessorLight.java:63)
 org.apache.coyote.AbstractProtocol$ConnectionHandler.process(AbstractProtocol.java:896)
 org.apache.tomcat.util.net.NioEndpoint$SocketProcessor.doRun(NioEndpoint.java:1744)
 org.apache.tomcat.util.net.SocketProcessorBase.run(SocketProcessorBase.java:52)
 org.apache.tomcat.util.threads.ThreadPoolExecutor.runWorker(ThreadPoolExecutor.java:1191)
 org.apache.tomcat.util.threads.ThreadPoolExecutor$Worker.run(ThreadPoolExecutor.java:659)
 org.apache.tomcat.util.threads.TaskThread$WrappingRunnable.run(TaskThread.java:61)
 java.base/java.lang.Thread.run(Thread.java:1583)]
03-Dec-2023 16:39:10.898 WARNING [Thread-2] org.apache.catalina.loader.WebappClassLoaderBase.clearReferencesThreads 웹 애플리케이션 [ROOT]이(가) 여전히 완료되지 않은 요청을 처리하고 있습니다. 이는 메모리 누수를 유발할 가능성이 높습니다. 표준 컨텍스트 구현의 unloadDelay 속성을 이용하여, 요청 완료 허용 시간을 통제할 수 있습니다. 요청 처리 쓰레드의 스택 트레이스:[
 org.apache.jsp.jsp09_002d1_jsp._jspService(jsp09_002d1_jsp.java:127)
 org.apache.jasper.runtime.HttpJspBase.service(HttpJspBase.java:70)
 jakarta.servlet.http.HttpServlet.service(HttpServlet.java:658)
 org.apache.jasper.servlet.JspServletWrapper.service(JspServletWrapper.java:456)
 org.apache.jasper.servlet.JspServlet.serviceJspFile(JspServlet.java:380)
 org.apache.jasper.servlet.JspServlet.service(JspServlet.java:328)
 jakarta.servlet.http.HttpServlet.service(HttpServlet.java:658)
 org.apache.catalina.core.ApplicationFilterChain.internalDoFilter(ApplicationFilterChain.java:205)
 org.apache.catalina.core.ApplicationFilterChain.doFilter(ApplicationFilterChain.java:149)
 org.apache.tomcat.websocket.server.WsFilter.doFilter(WsFilter.java:51)
 org.apache.catalina.core.ApplicationFilterChain.internalDoFilter(ApplicationFilterChain.java:174)
 org.apache.catalina.core.ApplicationFilterChain.doFilter(ApplicationFilterChain.java:149)
 org.apache.catalina.core.StandardWrapperValve.invoke(StandardWrapperValve.java:167)
 org.apache.catalina.core.StandardContextValve.invoke(StandardContextValve.java:90)
 org.apache.catalina.authenticator.AuthenticatorBase.invoke(AuthenticatorBase.java:482)
 org.apache.catalina.core.StandardHostValve.invoke(StandardHostValve.java:115)
 org.apache.catalina.valves.ErrorReportValve.invoke(ErrorReportValve.java:93)
 org.apache.catalina.valves.AbstractAccessLogValve.invoke(AbstractAccessLogValve.java:673)
 org.apache.catalina.core.StandardEngineValve.invoke(StandardEngineValve.java:74)
 org.apache.catalina.connector.CoyoteAdapter.service(CoyoteAdapter.java:340)
 org.apache.coyote.http11.Http11Processor.service(Http11Processor.java:391)
 org.apache.coyote.AbstractProcessorLight.process(AbstractProcessorLight.java:63)
 org.apache.coyote.AbstractProtocol$ConnectionHandler.process(AbstractProtocol.java:896)
 org.apache.tomcat.util.net.NioEndpoint$SocketProcessor.doRun(NioEndpoint.java:1744)
 org.apache.tomcat.util.net.SocketProcessorBase.run(SocketProcessorBase.java:52)
 org.apache.tomcat.util.threads.ThreadPoolExecutor.runWorker(ThreadPoolExecutor.java:1191)
 org.apache.tomcat.util.threads.ThreadPoolExecutor$Worker.run(ThreadPoolExecutor.java:659)
 org.apache.tomcat.util.threads.TaskThread$WrappingRunnable.run(TaskThread.java:61)
 java.base/java.lang.Thread.run(Thread.java:1583)]
03-Dec-2023 16:39:10.898 WARNING [Thread-2] org.apache.catalina.loader.WebappClassLoaderBase.clearReferencesThreads 웹 애플리케이션 [ROOT]이(가) 여전히 완료되지 않은 요청을 처리하고 있습니다. 이는 메모리 누수를 유발할 가능성이 높습니다. 표준 컨텍스트 구현의 unloadDelay 속성을 이용하여, 요청 완료 허용 시간을 통제할 수 있습니다. 요청 처리 쓰레드의 스택 트레이스:[
 org.apache.jsp.jsp09_002d1_jsp._jspService(jsp09_002d1_jsp.java:127)
 org.apache.jasper.runtime.HttpJspBase.service(HttpJspBase.java:70)
 jakarta.servlet.http.HttpServlet.service(HttpServlet.java:658)
 org.apache.jasper.servlet.JspServletWrapper.service(JspServletWrapper.java:456)
 org.apache.jasper.servlet.JspServlet.serviceJspFile(JspServlet.java:380)
 org.apache.jasper.servlet.JspServlet.service(JspServlet.java:328)
 jakarta.servlet.http.HttpServlet.service(HttpServlet.java:658)
 org.apache.catalina.core.ApplicationFilterChain.internalDoFilter(ApplicationFilterChain.java:205)
 org.apache.catalina.core.ApplicationFilterChain.doFilter(ApplicationFilterChain.java:149)
 org.apache.tomcat.websocket.server.WsFilter.doFilter(WsFilter.java:51)
 org.apache.catalina.core.ApplicationFilterChain.internalDoFilter(ApplicationFilterChain.java:174)
 org.apache.catalina.core.ApplicationFilterChain.doFilter(ApplicationFilterChain.java:149)
 org.apache.catalina.core.StandardWrapperValve.invoke(StandardWrapperValve.java:167)
 org.apache.catalina.core.StandardContextValve.invoke(StandardContextValve.java:90)
 org.apache.catalina.authenticator.AuthenticatorBase.invoke(AuthenticatorBase.java:482)
 org.apache.catalina.core.StandardHostValve.invoke(StandardHostValve.java:115)
 org.apache.catalina.valves.ErrorReportValve.invoke(ErrorReportValve.java:93)
 org.apache.catalina.valves.AbstractAccessLogValve.invoke(AbstractAccessLogValve.java:673)
 org.apache.catalina.core.StandardEngineValve.invoke(StandardEngineValve.java:74)
 org.apache.catalina.connector.CoyoteAdapter.service(CoyoteAdapter.java:340)
 org.apache.coyote.http11.Http11Processor.service(Http11Processor.java:391)
 org.apache.coyote.AbstractProcessorLight.process(AbstractProcessorLight.java:63)
 org.apache.coyote.AbstractProtocol$ConnectionHandler.process(AbstractProtocol.java:896)
 org.apache.tomcat.util.net.NioEndpoint$SocketProcessor.doRun(NioEndpoint.java:1744)
 org.apache.tomcat.util.net.SocketProcessorBase.run(SocketProcessorBase.java:52)
 org.apache.tomcat.util.threads.ThreadPoolExecutor.runWorker(ThreadPoolExecutor.java:1191)
 org.apache.tomcat.util.threads.ThreadPoolExecutor$Worker.run(ThreadPoolExecutor.java:659)
 org.apache.tomcat.util.threads.TaskThread$WrappingRunnable.run(TaskThread.java:61)
 java.base/java.lang.Thread.run(Thread.java:1583)]
03-Dec-2023 16:39:10.898 WARNING [Thread-2] org.apache.catalina.loader.WebappClassLoaderBase.clearReferencesThreads 웹 애플리케이션 [ROOT]이(가) 여전히 완료되지 않은 요청을 처리하고 있습니다. 이는 메모리 누수를 유발할 가능성이 높습니다. 표준 컨텍스트 구현의 unloadDelay 속성을 이용하여, 요청 완료 허용 시간을 통제할 수 있습니다. 요청 처리 쓰레드의 스택 트레이스:[
 org.apache.jsp.jsp09_002d1_jsp._jspService(jsp09_002d1_jsp.java:126)
 org.apache.jasper.runtime.HttpJspBase.service(HttpJspBase.java:70)
 jakarta.servlet.http.HttpServlet.service(HttpServlet.java:658)
 org.apache.jasper.servlet.JspServletWrapper.service(JspServletWrapper.java:456)
 org.apache.jasper.servlet.JspServlet.serviceJspFile(JspServlet.java:380)
 org.apache.jasper.servlet.JspServlet.service(JspServlet.java:328)
 jakarta.servlet.http.HttpServlet.service(HttpServlet.java:658)
 org.apache.catalina.core.ApplicationFilterChain.internalDoFilter(ApplicationFilterChain.java:205)
 org.apache.catalina.core.ApplicationFilterChain.doFilter(ApplicationFilterChain.java:149)
 org.apache.tomcat.websocket.server.WsFilter.doFilter(WsFilter.java:51)
 org.apache.catalina.core.ApplicationFilterChain.internalDoFilter(ApplicationFilterChain.java:174)
 org.apache.catalina.core.ApplicationFilterChain.doFilter(ApplicationFilterChain.java:149)
 org.apache.catalina.core.StandardWrapperValve.invoke(StandardWrapperValve.java:167)
 org.apache.catalina.core.StandardContextValve.invoke(StandardContextValve.java:90)
 org.apache.catalina.authenticator.AuthenticatorBase.invoke(AuthenticatorBase.java:482)
 org.apache.catalina.core.StandardHostValve.invoke(StandardHostValve.java:115)
 org.apache.catalina.valves.ErrorReportValve.invoke(ErrorReportValve.java:93)
 org.apache.catalina.valves.AbstractAccessLogValve.invoke(AbstractAccessLogValve.java:673)
 org.apache.catalina.core.StandardEngineValve.invoke(StandardEngineValve.java:74)
 org.apache.catalina.connector.CoyoteAdapter.service(CoyoteAdapter.java:340)
 org.apache.coyote.http11.Http11Processor.service(Http11Processor.java:391)
 org.apache.coyote.AbstractProcessorLight.process(AbstractProcessorLight.java:63)
 org.apache.coyote.AbstractProtocol$ConnectionHandler.process(AbstractProtocol.java:896)
 org.apache.tomcat.util.net.NioEndpoint$SocketProcessor.doRun(NioEndpoint.java:1744)
 org.apache.tomcat.util.net.SocketProcessorBase.run(SocketProcessorBase.java:52)
 org.apache.tomcat.util.threads.ThreadPoolExecutor.runWorker(ThreadPoolExecutor.java:1191)
 org.apache.tomcat.util.threads.ThreadPoolExecutor$Worker.run(ThreadPoolExecutor.java:659)
 org.apache.tomcat.util.threads.TaskThread$WrappingRunnable.run(TaskThread.java:61)
 java.base/java.lang.Thread.run(Thread.java:1583)]
03-Dec-2023 16:39:10.898 WARNING [Thread-2] org.apache.catalina.loader.WebappClassLoaderBase.clearReferencesThreads 웹 애플리케이션 [ROOT]이(가) 여전히 완료되지 않은 요청을 처리하고 있습니다. 이는 메모리 누수를 유발할 가능성이 높습니다. 표준 컨텍스트 구현의 unloadDelay 속성을 이용하여, 요청 완료 허용 시간을 통제할 수 있습니다. 요청 처리 쓰레드의 스택 트레이스:[
 org.apache.jsp.jsp09_002d1_jsp._jspService(jsp09_002d1_jsp.java:127)
 org.apache.jasper.runtime.HttpJspBase.service(HttpJspBase.java:70)
 jakarta.servlet.http.HttpServlet.service(HttpServlet.java:658)
 org.apache.jasper.servlet.JspServletWrapper.service(JspServletWrapper.java:456)
 org.apache.jasper.servlet.JspServlet.serviceJspFile(JspServlet.java:380)
 org.apache.jasper.servlet.JspServlet.service(JspServlet.java:328)
 jakarta.servlet.http.HttpServlet.service(HttpServlet.java:658)
 org.apache.catalina.core.ApplicationFilterChain.internalDoFilter(ApplicationFilterChain.java:205)
 org.apache.catalina.core.ApplicationFilterChain.doFilter(ApplicationFilterChain.java:149)
 org.apache.tomcat.websocket.server.WsFilter.doFilter(WsFilter.java:51)
 org.apache.catalina.core.ApplicationFilterChain.internalDoFilter(ApplicationFilterChain.java:174)
 org.apache.catalina.core.ApplicationFilterChain.doFilter(ApplicationFilterChain.java:149)
 org.apache.catalina.core.StandardWrapperValve.invoke(StandardWrapperValve.java:167)
 org.apache.catalina.core.StandardContextValve.invoke(StandardContextValve.java:90)
 org.apache.catalina.authenticator.AuthenticatorBase.invoke(AuthenticatorBase.java:482)
 org.apache.catalina.core.StandardHostValve.invoke(StandardHostValve.java:115)
 org.apache.catalina.valves.ErrorReportValve.invoke(ErrorReportValve.java:93)
 org.apache.catalina.valves.AbstractAccessLogValve.invoke(AbstractAccessLogValve.java:673)
 org.apache.catalina.core.StandardEngineValve.invoke(StandardEngineValve.java:74)
 org.apache.catalina.connector.CoyoteAdapter.service(CoyoteAdapter.java:340)
 org.apache.coyote.http11.Http11Processor.service(Http11Processor.java:391)
 org.apache.coyote.AbstractProcessorLight.process(AbstractProcessorLight.java:63)
 org.apache.coyote.AbstractProtocol$ConnectionHandler.process(AbstractProtocol.java:896)
 org.apache.tomcat.util.net.NioEndpoint$SocketProcessor.doRun(NioEndpoint.java:1744)
 org.apache.tomcat.util.net.SocketProcessorBase.run(SocketProcessorBase.java:52)
 org.apache.tomcat.util.threads.ThreadPoolExecutor.runWorker(ThreadPoolExecutor.java:1191)
 org.apache.tomcat.util.threads.ThreadPoolExecutor$Worker.run(ThreadPoolExecutor.java:659)
 org.apache.tomcat.util.threads.TaskThread$WrappingRunnable.run(TaskThread.java:61)
 java.base/java.lang.Thread.run(Thread.java:1583)]
03-Dec-2023 16:39:10.917 WARNING [Thread-2] org.apache.catalina.loader.WebappClassLoaderBase.clearReferencesThreads 웹 애플리케이션 [ROOT]이(가) 여전히 완료되지 않은 요청을 처리하고 있습니다. 이는 메모리 누수를 유발할 가능성이 높습니다. 표준 컨텍스트 구현의 unloadDelay 속성을 이용하여, 요청 완료 허용 시간을 통제할 수 있습니다. 요청 처리 쓰레드의 스택 트레이스:[
 org.apache.jsp.jsp09_002d1_jsp._jspService(jsp09_002d1_jsp.java:127)
 org.apache.jasper.runtime.HttpJspBase.service(HttpJspBase.java:70)
 jakarta.servlet.http.HttpServlet.service(HttpServlet.java:658)
 org.apache.jasper.servlet.JspServletWrapper.service(JspServletWrapper.java:456)
 org.apache.jasper.servlet.JspServlet.serviceJspFile(JspServlet.java:380)
 org.apache.jasper.servlet.JspServlet.service(JspServlet.java:328)
 jakarta.servlet.http.HttpServlet.service(HttpServlet.java:658)
 org.apache.catalina.core.ApplicationFilterChain.internalDoFilter(ApplicationFilterChain.java:205)
 org.apache.catalina.core.ApplicationFilterChain.doFilter(ApplicationFilterChain.java:149)
 org.apache.tomcat.websocket.server.WsFilter.doFilter(WsFilter.java:51)
 org.apache.catalina.core.ApplicationFilterChain.internalDoFilter(ApplicationFilterChain.java:174)
 org.apache.catalina.core.ApplicationFilterChain.doFilter(ApplicationFilterChain.java:149)
 org.apache.catalina.core.StandardWrapperValve.invoke(StandardWrapperValve.java:167)
 org.apache.catalina.core.StandardContextValve.invoke(StandardContextValve.java:90)
 org.apache.catalina.authenticator.AuthenticatorBase.invoke(AuthenticatorBase.java:482)
 org.apache.catalina.core.StandardHostValve.invoke(StandardHostValve.java:115)
 org.apache.catalina.valves.ErrorReportValve.invoke(ErrorReportValve.java:93)
 org.apache.catalina.valves.AbstractAccessLogValve.invoke(AbstractAccessLogValve.java:673)
 org.apache.catalina.core.StandardEngineValve.invoke(StandardEngineValve.java:74)
 org.apache.catalina.connector.CoyoteAdapter.service(CoyoteAdapter.java:340)
 org.apache.coyote.http11.Http11Processor.service(Http11Processor.java:391)
 org.apache.coyote.AbstractProcessorLight.process(AbstractProcessorLight.java:63)
 org.apache.coyote.AbstractProtocol$ConnectionHandler.process(AbstractProtocol.java:896)
 org.apache.tomcat.util.net.NioEndpoint$SocketProcessor.doRun(NioEndpoint.java:1744)
 org.apache.tomcat.util.net.SocketProcessorBase.run(SocketProcessorBase.java:52)
 org.apache.tomcat.util.threads.ThreadPoolExecutor.runWorker(ThreadPoolExecutor.java:1191)
 org.apache.tomcat.util.threads.ThreadPoolExecutor$Worker.run(ThreadPoolExecutor.java:659)
 org.apache.tomcat.util.threads.TaskThread$WrappingRunnable.run(TaskThread.java:61)
 java.base/java.lang.Thread.run(Thread.java:1583)]
03-Dec-2023 16:39:10.960 INFO [Thread-2] org.apache.coyote.AbstractProtocol.stop 프로토콜 핸들러 ["http-nio-8080"]을(를) 중지시킵니다.
03-Dec-2023 16:39:15.998 WARNING [Thread-2] org.apache.tomcat.util.net.AbstractEndpoint.shutdownExecutor 쓰레드 풀 [http-nio-8080]와(과) 연관된 해당 Executor는 완전히 종료되지 않았습니다. 일부 애플리케이션 쓰레드들이 여전히 실행 중일 수 있습니다.
03-Dec-2023 16:39:16.011 INFO [Thread-2] org.apache.coyote.AbstractProtocol.destroy 프로토콜 핸들러 ["http-nio-8080"]을(를) 소멸시킵니다.

2023-12-03 16:39:18 Apache Commons Daemon procrun stderr initialized.

2023-12-03 16:39:26 Apache Commons Daemon procrun stderr initialized.

2023-12-03 16:39:42 Apache Commons Daemon procrun stderr initialized.

2023-12-03 16:39:58 Apache Commons Daemon procrun stderr initialized.

2023-12-03 16:40:08 Apache Commons Daemon procrun stderr initialized.

2023-12-03 16:40:16 Apache Commons Daemon procrun stderr initialized.

2023-12-03 16:40:58 Apache Commons Daemon procrun stderr initialized.

2023-12-03 16:41:42 Apache Commons Daemon procrun stderr initialized.

2023-12-03 16:41:59 Apache Commons Daemon procrun stderr initialized.

2023-12-03 16:43:19 Apache Commons Daemon procrun stderr initialized.

2023-12-03 16:44:11 Apache Commons Daemon procrun stderr initialized.

2023-12-03 16:45:48 Apache Commons Daemon procrun stderr initialized.
03-Dec-2023 16:45:50.716 INFO [main] org.apache.catalina.startup.VersionLoggerListener.log 서버 버전 이름:    Apache Tomcat/10.1.16
03-Dec-2023 16:45:50.725 INFO [main] org.apache.catalina.startup.VersionLoggerListener.log Server 빌드 시각:  Nov 10 2023 16:17:33 UTC
03-Dec-2023 16:45:50.728 INFO [main] org.apache.catalina.startup.VersionLoggerListener.log Server 버전 번호:  10.1.16.0
03-Dec-2023 16:45:50.729 INFO [main] org.apache.catalina.startup.VersionLoggerListener.log 운영체제 이름:     Windows 10
03-Dec-2023 16:45:50.731 INFO [main] org.apache.catalina.startup.VersionLoggerListener.log 운영체제 버전:     10.0
03-Dec-2023 16:45:50.733 INFO [main] org.apache.catalina.startup.VersionLoggerListener.log 아키텍처:          amd64
03-Dec-2023 16:45:50.734 INFO [main] org.apache.catalina.startup.VersionLoggerListener.log 자바 홈:           C:\Program Files\Java\jdk-21
03-Dec-2023 16:45:50.734 INFO [main] org.apache.catalina.startup.VersionLoggerListener.log JVM 버전:          21.0.1+12-LTS-29
03-Dec-2023 16:45:50.734 INFO [main] org.apache.catalina.startup.VersionLoggerListener.log JVM 벤더:          Oracle Corporation
03-Dec-2023 16:45:50.734 INFO [main] org.apache.catalina.startup.VersionLoggerListener.log CATALINA_BASE:     D:\JSP\apache-tomcat-10.1.16
03-Dec-2023 16:45:50.734 INFO [main] org.apache.catalina.startup.VersionLoggerListener.log CATALINA_HOME:     D:\JSP\apache-tomcat-10.1.16
03-Dec-2023 16:45:50.747 INFO [main] org.apache.catalina.startup.VersionLoggerListener.log 명령 행 아규먼트:  -Dcatalina.home=D:\JSP\apache-tomcat-10.1.16
03-Dec-2023 16:45:50.747 INFO [main] org.apache.catalina.startup.VersionLoggerListener.log 명령 행 아규먼트:  -Dcatalina.base=D:\JSP\apache-tomcat-10.1.16
03-Dec-2023 16:45:50.747 INFO [main] org.apache.catalina.startup.VersionLoggerListener.log 명령 행 아규먼트:  -Djava.io.tmpdir=D:\JSP\apache-tomcat-10.1.16\temp
03-Dec-2023 16:45:50.747 INFO [main] org.apache.catalina.startup.VersionLoggerListener.log 명령 행 아규먼트:  -Djava.util.logging.manager=org.apache.juli.ClassLoaderLogManager
03-Dec-2023 16:45:50.747 INFO [main] org.apache.catalina.startup.VersionLoggerListener.log 명령 행 아규먼트:  -Djava.util.logging.config.file=D:\JSP\apache-tomcat-10.1.16\conf\logging.properties
03-Dec-2023 16:45:50.747 INFO [main] org.apache.catalina.startup.VersionLoggerListener.log 명령 행 아규먼트:  --add-opens=java.base/java.lang=ALL-UNNAMED
03-Dec-2023 16:45:50.747 INFO [main] org.apache.catalina.startup.VersionLoggerListener.log 명령 행 아규먼트:  --add-opens=java.base/java.io=ALL-UNNAMED
03-Dec-2023 16:45:50.747 INFO [main] org.apache.catalina.startup.VersionLoggerListener.log 명령 행 아규먼트:  --add-opens=java.base/java.util=ALL-UNNAMED
03-Dec-2023 16:45:50.747 INFO [main] org.apache.catalina.startup.VersionLoggerListener.log 명령 행 아규먼트:  --add-opens=java.base/java.util.concurrent=ALL-UNNAMED
03-Dec-2023 16:45:50.747 INFO [main] org.apache.catalina.startup.VersionLoggerListener.log 명령 행 아규먼트:  --add-opens=java.rmi/sun.rmi.transport=ALL-UNNAMED
03-Dec-2023 16:45:50.747 INFO [main] org.apache.catalina.startup.VersionLoggerListener.log 명령 행 아규먼트:  exit
03-Dec-2023 16:45:50.748 INFO [main] org.apache.catalina.startup.VersionLoggerListener.log 명령 행 아규먼트:  abort
03-Dec-2023 16:45:50.748 INFO [main] org.apache.catalina.startup.VersionLoggerListener.log 명령 행 아규먼트:  -Xms128m
03-Dec-2023 16:45:50.748 INFO [main] org.apache.catalina.startup.VersionLoggerListener.log 명령 행 아규먼트:  -Xmx256m
03-Dec-2023 16:45:50.768 INFO [main] org.apache.catalina.core.AprLifecycleListener.lifecycleEvent APR 버전 [1.7.4]을(를) 사용한, APR 기반 Apache Tomcat Native 라이브러리 [2.0.6]을(를) 로드했습니다.
03-Dec-2023 16:45:50.773 INFO [main] org.apache.catalina.core.AprLifecycleListener.initializeSSL OpenSSL이 성공적으로 초기화되었습니다: [OpenSSL 3.0.11 19 Sep 2023]
03-Dec-2023 16:45:51.103 INFO [main] org.apache.coyote.AbstractProtocol.init 프로토콜 핸들러 ["http-nio-8080"]을(를) 초기화합니다.
03-Dec-2023 16:45:51.129 INFO [main] org.apache.catalina.startup.Catalina.load [651] 밀리초 내에 서버가 초기화되었습니다.
03-Dec-2023 16:45:51.185 INFO [main] org.apache.catalina.core.StandardService.startInternal 서비스 [Catalina]을(를) 시작합니다.
03-Dec-2023 16:45:51.185 INFO [main] org.apache.catalina.core.StandardEngine.startInternal 서버 엔진을 시작합니다: [Apache Tomcat/10.1.16]
03-Dec-2023 16:45:51.193 INFO [main] org.apache.catalina.startup.HostConfig.deployDirectory 웹 애플리케이션 디렉토리 [D:\JSP\apache-tomcat-10.1.16\webapps\docs]을(를) 배치합니다.
03-Dec-2023 16:45:51.686 INFO [main] org.apache.catalina.startup.HostConfig.deployDirectory 웹 애플리케이션 디렉토리 [D:\JSP\apache-tomcat-10.1.16\webapps\docs]에 대한 배치가 [487] 밀리초에 완료되었습니다.
03-Dec-2023 16:45:51.686 INFO [main] org.apache.catalina.startup.HostConfig.deployDirectory 웹 애플리케이션 디렉토리 [D:\JSP\apache-tomcat-10.1.16\webapps\examples]을(를) 배치합니다.
03-Dec-2023 16:45:52.877 INFO [main] org.apache.catalina.startup.HostConfig.deployDirectory 웹 애플리케이션 디렉토리 [D:\JSP\apache-tomcat-10.1.16\webapps\examples]에 대한 배치가 [1,190] 밀리초에 완료되었습니다.
03-Dec-2023 16:45:52.877 INFO [main] org.apache.catalina.startup.HostConfig.deployDirectory 웹 애플리케이션 디렉토리 [D:\JSP\apache-tomcat-10.1.16\webapps\host-manager]을(를) 배치합니다.
03-Dec-2023 16:45:52.922 INFO [main] org.apache.catalina.startup.HostConfig.deployDirectory 웹 애플리케이션 디렉토리 [D:\JSP\apache-tomcat-10.1.16\webapps\host-manager]에 대한 배치가 [44] 밀리초에 완료되었습니다.
03-Dec-2023 16:45:52.922 INFO [main] org.apache.catalina.startup.HostConfig.deployDirectory 웹 애플리케이션 디렉토리 [D:\JSP\apache-tomcat-10.1.16\webapps\manager]을(를) 배치합니다.
03-Dec-2023 16:45:52.961 INFO [main] org.apache.catalina.startup.HostConfig.deployDirectory 웹 애플리케이션 디렉토리 [D:\JSP\apache-tomcat-10.1.16\webapps\manager]에 대한 배치가 [39] 밀리초에 완료되었습니다.
03-Dec-2023 16:45:52.962 INFO [main] org.apache.catalina.startup.HostConfig.deployDirectory 웹 애플리케이션 디렉토리 [D:\JSP\apache-tomcat-10.1.16\webapps\ROOT]을(를) 배치합니다.
03-Dec-2023 16:45:53.007 INFO [main] org.apache.catalina.startup.HostConfig.deployDirectory 웹 애플리케이션 디렉토리 [D:\JSP\apache-tomcat-10.1.16\webapps\ROOT]에 대한 배치가 [46] 밀리초에 완료되었습니다.
03-Dec-2023 16:45:53.013 INFO [main] org.apache.coyote.AbstractProtocol.start 프로토콜 핸들러 ["http-nio-8080"]을(를) 시작합니다.
03-Dec-2023 16:45:53.074 INFO [main] org.apache.catalina.startup.Catalina.start 서버가 [1943] 밀리초 내에 시작되었습니다.
03-Dec-2023 16:46:34.686 INFO [Thread-2] org.apache.coyote.AbstractProtocol.pause 프로토콜 핸들러 ["http-nio-8080"]을(를) 일시 정지 중
03-Dec-2023 16:46:34.704 INFO [Thread-2] org.apache.catalina.core.StandardService.stopInternal 서비스 [Catalina]을(를) 중지시킵니다.
03-Dec-2023 16:46:34.741 INFO [Thread-2] org.apache.coyote.AbstractProtocol.stop 프로토콜 핸들러 ["http-nio-8080"]을(를) 중지시킵니다.
03-Dec-2023 16:46:34.758 INFO [Thread-2] org.apache.coyote.AbstractProtocol.destroy 프로토콜 핸들러 ["http-nio-8080"]을(를) 소멸시킵니다.

2023-12-03 16:46:44 Apache Commons Daemon procrun stderr initialized.
03-Dec-2023 16:46:45.245 INFO [main] org.apache.catalina.startup.VersionLoggerListener.log 서버 버전 이름:    Apache Tomcat/10.1.16
03-Dec-2023 16:46:45.261 INFO [main] org.apache.catalina.startup.VersionLoggerListener.log Server 빌드 시각:  Nov 10 2023 16:17:33 UTC
03-Dec-2023 16:46:45.261 INFO [main] org.apache.catalina.startup.VersionLoggerListener.log Server 버전 번호:  10.1.16.0
03-Dec-2023 16:46:45.261 INFO [main] org.apache.catalina.startup.VersionLoggerListener.log 운영체제 이름:     Windows 10
03-Dec-2023 16:46:45.262 INFO [main] org.apache.catalina.startup.VersionLoggerListener.log 운영체제 버전:     10.0
03-Dec-2023 16:46:45.262 INFO [main] org.apache.catalina.startup.VersionLoggerListener.log 아키텍처:          amd64
03-Dec-2023 16:46:45.262 INFO [main] org.apache.catalina.startup.VersionLoggerListener.log 자바 홈:           C:\Program Files\Java\jdk-21
03-Dec-2023 16:46:45.262 INFO [main] org.apache.catalina.startup.VersionLoggerListener.log JVM 버전:          21.0.1+12-LTS-29
03-Dec-2023 16:46:45.262 INFO [main] org.apache.catalina.startup.VersionLoggerListener.log JVM 벤더:          Oracle Corporation
03-Dec-2023 16:46:45.262 INFO [main] org.apache.catalina.startup.VersionLoggerListener.log CATALINA_BASE:     D:\JSP\apache-tomcat-10.1.16
03-Dec-2023 16:46:45.262 INFO [main] org.apache.catalina.startup.VersionLoggerListener.log CATALINA_HOME:     D:\JSP\apache-tomcat-10.1.16
03-Dec-2023 16:46:45.271 INFO [main] org.apache.catalina.startup.VersionLoggerListener.log 명령 행 아규먼트:  -Dcatalina.home=D:\JSP\apache-tomcat-10.1.16
03-Dec-2023 16:46:45.272 INFO [main] org.apache.catalina.startup.VersionLoggerListener.log 명령 행 아규먼트:  -Dcatalina.base=D:\JSP\apache-tomcat-10.1.16
03-Dec-2023 16:46:45.272 INFO [main] org.apache.catalina.startup.VersionLoggerListener.log 명령 행 아규먼트:  -Djava.io.tmpdir=D:\JSP\apache-tomcat-10.1.16\temp
03-Dec-2023 16:46:45.272 INFO [main] org.apache.catalina.startup.VersionLoggerListener.log 명령 행 아규먼트:  -Djava.util.logging.manager=org.apache.juli.ClassLoaderLogManager
03-Dec-2023 16:46:45.272 INFO [main] org.apache.catalina.startup.VersionLoggerListener.log 명령 행 아규먼트:  -Djava.util.logging.config.file=D:\JSP\apache-tomcat-10.1.16\conf\logging.properties
03-Dec-2023 16:46:45.272 INFO [main] org.apache.catalina.startup.VersionLoggerListener.log 명령 행 아규먼트:  --add-opens=java.base/java.lang=ALL-UNNAMED
03-Dec-2023 16:46:45.272 INFO [main] org.apache.catalina.startup.VersionLoggerListener.log 명령 행 아규먼트:  --add-opens=java.base/java.io=ALL-UNNAMED
03-Dec-2023 16:46:45.272 INFO [main] org.apache.catalina.startup.VersionLoggerListener.log 명령 행 아규먼트:  --add-opens=java.base/java.util=ALL-UNNAMED
03-Dec-2023 16:46:45.272 INFO [main] org.apache.catalina.startup.VersionLoggerListener.log 명령 행 아규먼트:  --add-opens=java.base/java.util.concurrent=ALL-UNNAMED
03-Dec-2023 16:46:45.273 INFO [main] org.apache.catalina.startup.VersionLoggerListener.log 명령 행 아규먼트:  --add-opens=java.rmi/sun.rmi.transport=ALL-UNNAMED
03-Dec-2023 16:46:45.273 INFO [main] org.apache.catalina.startup.VersionLoggerListener.log 명령 행 아규먼트:  exit
03-Dec-2023 16:46:45.273 INFO [main] org.apache.catalina.startup.VersionLoggerListener.log 명령 행 아규먼트:  abort
03-Dec-2023 16:46:45.273 INFO [main] org.apache.catalina.startup.VersionLoggerListener.log 명령 행 아규먼트:  -Xms128m
03-Dec-2023 16:46:45.273 INFO [main] org.apache.catalina.startup.VersionLoggerListener.log 명령 행 아규먼트:  -Xmx256m
03-Dec-2023 16:46:45.275 INFO [main] org.apache.catalina.core.AprLifecycleListener.lifecycleEvent APR 버전 [1.7.4]을(를) 사용한, APR 기반 Apache Tomcat Native 라이브러리 [2.0.6]을(를) 로드했습니다.
03-Dec-2023 16:46:45.279 INFO [main] org.apache.catalina.core.AprLifecycleListener.initializeSSL OpenSSL이 성공적으로 초기화되었습니다: [OpenSSL 3.0.11 19 Sep 2023]
03-Dec-2023 16:46:45.516 INFO [main] org.apache.coyote.AbstractProtocol.init 프로토콜 핸들러 ["http-nio-8080"]을(를) 초기화합니다.
03-Dec-2023 16:46:45.532 INFO [main] org.apache.catalina.startup.Catalina.load [493] 밀리초 내에 서버가 초기화되었습니다.
03-Dec-2023 16:46:45.564 INFO [main] org.apache.catalina.core.StandardService.startInternal 서비스 [Catalina]을(를) 시작합니다.
03-Dec-2023 16:46:45.564 INFO [main] org.apache.catalina.core.StandardEngine.startInternal 서버 엔진을 시작합니다: [Apache Tomcat/10.1.16]
03-Dec-2023 16:46:45.571 INFO [main] org.apache.catalina.startup.HostConfig.deployDirectory 웹 애플리케이션 디렉토리 [D:\JSP\apache-tomcat-10.1.16\webapps\docs]을(를) 배치합니다.
03-Dec-2023 16:46:45.796 INFO [main] org.apache.catalina.startup.HostConfig.deployDirectory 웹 애플리케이션 디렉토리 [D:\JSP\apache-tomcat-10.1.16\webapps\docs]에 대한 배치가 [223] 밀리초에 완료되었습니다.
03-Dec-2023 16:46:45.797 INFO [main] org.apache.catalina.startup.HostConfig.deployDirectory 웹 애플리케이션 디렉토리 [D:\JSP\apache-tomcat-10.1.16\webapps\examples]을(를) 배치합니다.
03-Dec-2023 16:46:46.020 INFO [main] org.apache.catalina.startup.HostConfig.deployDirectory 웹 애플리케이션 디렉토리 [D:\JSP\apache-tomcat-10.1.16\webapps\examples]에 대한 배치가 [222] 밀리초에 완료되었습니다.
03-Dec-2023 16:46:46.020 INFO [main] org.apache.catalina.startup.HostConfig.deployDirectory 웹 애플리케이션 디렉토리 [D:\JSP\apache-tomcat-10.1.16\webapps\host-manager]을(를) 배치합니다.
03-Dec-2023 16:46:46.041 INFO [main] org.apache.catalina.startup.HostConfig.deployDirectory 웹 애플리케이션 디렉토리 [D:\JSP\apache-tomcat-10.1.16\webapps\host-manager]에 대한 배치가 [21] 밀리초에 완료되었습니다.
03-Dec-2023 16:46:46.041 INFO [main] org.apache.catalina.startup.HostConfig.deployDirectory 웹 애플리케이션 디렉토리 [D:\JSP\apache-tomcat-10.1.16\webapps\manager]을(를) 배치합니다.
03-Dec-2023 16:46:46.059 INFO [main] org.apache.catalina.startup.HostConfig.deployDirectory 웹 애플리케이션 디렉토리 [D:\JSP\apache-tomcat-10.1.16\webapps\manager]에 대한 배치가 [18] 밀리초에 완료되었습니다.
03-Dec-2023 16:46:46.059 INFO [main] org.apache.catalina.startup.HostConfig.deployDirectory 웹 애플리케이션 디렉토리 [D:\JSP\apache-tomcat-10.1.16\webapps\ROOT]을(를) 배치합니다.
03-Dec-2023 16:46:46.071 INFO [main] org.apache.catalina.startup.HostConfig.deployDirectory 웹 애플리케이션 디렉토리 [D:\JSP\apache-tomcat-10.1.16\webapps\ROOT]에 대한 배치가 [12] 밀리초에 완료되었습니다.
03-Dec-2023 16:46:46.074 INFO [main] org.apache.coyote.AbstractProtocol.start 프로토콜 핸들러 ["http-nio-8080"]을(를) 시작합니다.
03-Dec-2023 16:46:46.094 INFO [main] org.apache.catalina.startup.Catalina.start 서버가 [559] 밀리초 내에 시작되었습니다.
